2018-06-29 11:14:13,438 [django.request:93] [base:get_response] [WARNING]- Not Found: /
2018-06-29 11:14:32,678 [HttpRunnerManager:45] [views:login] [INFO]- yinquanwang µÇÂ¼³É¹¦
2018-06-29 11:14:33,058 [django.request:93] [base:get_response] [WARNING]- Not Found: /static/assets/js/commons.js
2018-06-29 11:14:33,499 [django.request:93] [base:get_response] [WARNING]- Not Found: /static/assets/js/commons.js
2018-06-29 11:14:58,797 [HttpRunnerManager:45] [views:login] [INFO]- yinquanwang µÇÂ¼³É¹¦
2018-06-29 11:48:11,403 [HttpRunnerManager:151] [operation:add_case_data] [INFO]- µÄÓÃÀıÌí¼Ó³É¹¦: {'test': {'request': {'method': 'POST', 'url': ''}, 'name': 'µÄ'}}
2018-06-29 11:48:48,076 [HttpRunnerManager:45] [views:login] [INFO]- yinquanwang µÇÂ¼³É¹¦
2018-07-02 13:34:18,047 [django.request:93] [base:get_response] [WARNING]- Not Found: /static/assets/css/css-index.css
2018-07-02 13:34:18,057 [django.request:93] [base:get_response] [WARNING]- Not Found: /static/assets/img/logo.png
2018-07-02 13:34:18,268 [django.request:93] [base:get_response] [WARNING]- Not Found: /static/assets/js/custom.js
2018-07-02 13:34:18,270 [django.request:93] [base:get_response] [WARNING]- Not Found: /static/assets/js/jquery.sticky.js
2018-07-02 13:34:18,276 [django.request:93] [base:get_response] [WARNING]- Not Found: /static/assets/js/wow.min.js
2018-07-02 13:34:18,278 [django.request:93] [base:get_response] [WARNING]- Not Found: /static/assets/js/owl.carousel.min.js
2018-07-02 13:34:18,296 [django.request:93] [base:get_response] [WARNING]- Not Found: /static/assets/img/bg.jpg
2018-07-02 13:34:18,299 [django.request:93] [base:get_response] [WARNING]- Not Found: /static/assets/img/loading.GIF
2018-07-02 13:34:18,352 [django.request:93] [base:get_response] [WARNING]- Not Found: /static/assets/js/custom.js
2018-07-02 13:34:18,364 [django.request:93] [base:get_response] [WARNING]- Not Found: /static/assets/js/jquery.sticky.js
2018-07-02 13:34:18,370 [django.request:93] [base:get_response] [WARNING]- Not Found: /static/assets/js/wow.min.js
2018-07-02 13:34:18,383 [django.request:93] [base:get_response] [WARNING]- Not Found: /static/assets/js/owl.carousel.min.js
2018-07-02 13:34:18,578 [django.request:93] [base:get_response] [WARNING]- Not Found: /static/assets/img/favicon.ico
2018-07-02 13:34:21,442 [django.request:93] [base:get_response] [WARNING]- Not Found: /static/assets/css/css-index.css
2018-07-02 13:34:21,445 [django.request:93] [base:get_response] [WARNING]- Not Found: /static/assets/js/custom.js
2018-07-02 13:34:21,449 [django.request:93] [base:get_response] [WARNING]- Not Found: /static/assets/img/logo.png
2018-07-02 13:34:21,484 [django.request:93] [base:get_response] [WARNING]- Not Found: /static/assets/js/jquery.sticky.js
2018-07-02 13:34:21,487 [django.request:93] [base:get_response] [WARNING]- Not Found: /static/assets/js/wow.min.js
2018-07-02 13:34:21,492 [django.request:93] [base:get_response] [WARNING]- Not Found: /static/assets/js/owl.carousel.min.js
2018-07-02 13:34:21,508 [django.request:93] [base:get_response] [WARNING]- Not Found: /static/assets/js/custom.js
2018-07-02 13:34:21,516 [django.request:93] [base:get_response] [WARNING]- Not Found: /static/assets/img/bg.jpg
2018-07-02 13:34:21,519 [django.request:93] [base:get_response] [WARNING]- Not Found: /static/assets/img/loading.GIF
2018-07-02 13:34:21,531 [django.request:93] [base:get_response] [WARNING]- Not Found: /static/assets/js/jquery.sticky.js
2018-07-02 13:34:21,540 [django.request:93] [base:get_response] [WARNING]- Not Found: /static/assets/js/wow.min.js
2018-07-02 13:34:21,545 [django.request:93] [base:get_response] [WARNING]- Not Found: /static/assets/js/owl.carousel.min.js
2018-07-02 13:34:22,424 [django.request:93] [base:get_response] [WARNING]- Not Found: /static/assets/css/css-index.css
2018-07-02 13:34:22,426 [django.request:93] [base:get_response] [WARNING]- Not Found: /static/assets/img/logo.png
2018-07-02 13:34:22,429 [django.request:93] [base:get_response] [WARNING]- Not Found: /static/assets/js/custom.js
2018-07-02 13:34:22,465 [django.request:93] [base:get_response] [WARNING]- Not Found: /static/assets/js/jquery.sticky.js
2018-07-02 13:34:22,466 [django.request:93] [base:get_response] [WARNING]- Not Found: /static/assets/js/wow.min.js
2018-07-02 13:34:22,468 [django.request:93] [base:get_response] [WARNING]- Not Found: /static/assets/js/owl.carousel.min.js
2018-07-02 13:34:22,480 [django.request:93] [base:get_response] [WARNING]- Not Found: /static/assets/js/custom.js
2018-07-02 13:34:22,483 [django.request:93] [base:get_response] [WARNING]- Not Found: /static/assets/img/bg.jpg
2018-07-02 13:34:22,490 [django.request:93] [base:get_response] [WARNING]- Not Found: /static/assets/img/loading.GIF
2018-07-02 13:34:22,498 [django.request:93] [base:get_response] [WARNING]- Not Found: /static/assets/js/jquery.sticky.js
2018-07-02 13:34:22,506 [django.request:93] [base:get_response] [WARNING]- Not Found: /static/assets/js/wow.min.js
2018-07-02 13:34:22,509 [django.request:93] [base:get_response] [WARNING]- Not Found: /static/assets/js/owl.carousel.min.js
2018-07-02 13:35:30,488 [HttpRunnerManager:45] [views:login] [INFO]- yinquanwang µÇÂ¼³É¹¦
2018-07-02 13:48:28,352 [HttpRunnerManager:45] [views:login] [INFO]- yinquanwang µÇÂ¼³É¹¦
2018-07-02 13:53:41,984 [django.request:118] [exception:handle_uncaught_exception] [ERROR]- Internal Server Error: /api/test_list/1/
Traceback (most recent call last):
  File "E:\Python35\lib\site-packages\django\core\handlers\exception.py", line 35, in inner
    response = get_response(request)
  File "E:\Python35\lib\site-packages\django\core\handlers\base.py", line 128, in _get_response
    response = self.process_exception_by_middleware(e, request)
  File "E:\Python35\lib\site-packages\django\core\handlers\base.py", line 126, in _get_response
    response = wrapped_callback(request, *callback_args, **callback_kwargs)
  File "D:/HttpRunnerManager\HttpRunnerManager\activator.py", line 15, in process
    result = fun(request, index) if index else fun(request)
  File "D:/HttpRunnerManager\ApiManager\views.py", line 379, in test_list
    filter_query = set_filter_session(request)
  File "D:/HttpRunnerManager\ApiManager\utils\common.py", line 439, in set_filter_session
    'belong_project': request.session['project'],
  File "E:\Python35\lib\site-packages\django\contrib\sessions\backends\base.py", line 55, in __getitem__
    return self._session[key]
KeyError: 'project'
2018-07-02 13:53:49,147 [django.request:118] [exception:handle_uncaught_exception] [ERROR]- Internal Server Error: /api/test_list/1/
Traceback (most recent call last):
  File "E:\Python35\lib\site-packages\django\core\handlers\exception.py", line 35, in inner
    response = get_response(request)
  File "E:\Python35\lib\site-packages\django\core\handlers\base.py", line 128, in _get_response
    response = self.process_exception_by_middleware(e, request)
  File "E:\Python35\lib\site-packages\django\core\handlers\base.py", line 126, in _get_response
    response = wrapped_callback(request, *callback_args, **callback_kwargs)
  File "D:/HttpRunnerManager\HttpRunnerManager\activator.py", line 15, in process
    result = fun(request, index) if index else fun(request)
  File "D:/HttpRunnerManager\ApiManager\views.py", line 379, in test_list
    filter_query = set_filter_session(request)
  File "D:/HttpRunnerManager\ApiManager\utils\common.py", line 439, in set_filter_session
    'belong_project': request.session['project'],
  File "E:\Python35\lib\site-packages\django\contrib\sessions\backends\base.py", line 55, in __getitem__
    return self._session[key]
KeyError: 'project'
2018-07-02 13:54:04,117 [HttpRunnerManager:78] [views:log_out] [INFO]- yinquanwangÍË³ö
2018-07-02 13:54:07,459 [HttpRunnerManager:45] [views:login] [INFO]- yinquanwang µÇÂ¼³É¹¦
2018-07-02 13:57:09,661 [HttpRunnerManager:78] [views:log_out] [INFO]- yinquanwangÍË³ö
2018-07-02 13:57:11,824 [HttpRunnerManager:45] [views:login] [INFO]- yinquanwang µÇÂ¼³É¹¦
2018-07-02 14:04:39,039 [HttpRunnerManager:78] [views:log_out] [INFO]- yinquanwangÍË³ö
2018-07-02 14:04:44,830 [HttpRunnerManager:45] [views:login] [INFO]- yinquanwang µÇÂ¼³É¹¦
2018-07-02 14:04:54,650 [django.request:118] [exception:handle_uncaught_exception] [ERROR]- Internal Server Error: /api/test_list/1/
Traceback (most recent call last):
  File "E:\Python35\lib\site-packages\django\core\handlers\exception.py", line 35, in inner
    response = get_response(request)
  File "E:\Python35\lib\site-packages\django\core\handlers\base.py", line 128, in _get_response
    response = self.process_exception_by_middleware(e, request)
  File "E:\Python35\lib\site-packages\django\core\handlers\base.py", line 126, in _get_response
    response = wrapped_callback(request, *callback_args, **callback_kwargs)
  File "D:\HttpRunnerManager\HttpRunnerManager\activator.py", line 15, in process
    result = fun(request, index) if index else fun(request)
  File "D:\HttpRunnerManager\ApiManager\views.py", line 379, in test_list
    filter_query = set_filter_session(request)
  File "D:\HttpRunnerManager\ApiManager\utils\common.py", line 432, in set_filter_session
    request.session['module'] = ModuleInfo.objects.get(id=request.POST.get('module')).module_name
  File "E:\Python35\lib\site-packages\django\db\models\manager.py", line 82, in manager_method
    return getattr(self.get_queryset(), name)(*args, **kwargs)
  File "E:\Python35\lib\site-packages\django\db\models\query.py", line 394, in get
    clone = self.filter(*args, **kwargs)
  File "E:\Python35\lib\site-packages\django\db\models\query.py", line 836, in filter
    return self._filter_or_exclude(False, *args, **kwargs)
  File "E:\Python35\lib\site-packages\django\db\models\query.py", line 854, in _filter_or_exclude
    clone.query.add_q(Q(*args, **kwargs))
  File "E:\Python35\lib\site-packages\django\db\models\sql\query.py", line 1253, in add_q
    clause, _ = self._add_q(q_object, self.used_aliases)
  File "E:\Python35\lib\site-packages\django\db\models\sql\query.py", line 1277, in _add_q
    split_subq=split_subq,
  File "E:\Python35\lib\site-packages\django\db\models\sql\query.py", line 1215, in build_filter
    condition = self.build_lookup(lookups, col, value)
  File "E:\Python35\lib\site-packages\django\db\models\sql\query.py", line 1085, in build_lookup
    lookup = lookup_class(lhs, rhs)
  File "E:\Python35\lib\site-packages\django\db\models\lookups.py", line 18, in __init__
    self.rhs = self.get_prep_lookup()
  File "E:\Python35\lib\site-packages\django\db\models\lookups.py", line 68, in get_prep_lookup
    return self.lhs.output_field.get_prep_value(self.rhs)
  File "E:\Python35\lib\site-packages\django\db\models\fields\__init__.py", line 947, in get_prep_value
    return int(value)
ValueError: invalid literal for int() with base 10: ''
2018-07-02 14:06:02,565 [django.request:118] [exception:handle_uncaught_exception] [ERROR]- Internal Server Error: /api/config_list/1/
Traceback (most recent call last):
  File "E:\Python35\lib\site-packages\django\core\handlers\exception.py", line 35, in inner
    response = get_response(request)
  File "E:\Python35\lib\site-packages\django\core\handlers\base.py", line 128, in _get_response
    response = self.process_exception_by_middleware(e, request)
  File "E:\Python35\lib\site-packages\django\core\handlers\base.py", line 126, in _get_response
    response = wrapped_callback(request, *callback_args, **callback_kwargs)
  File "D:\HttpRunnerManager\HttpRunnerManager\activator.py", line 15, in process
    result = fun(request, index) if index else fun(request)
  File "D:\HttpRunnerManager\ApiManager\views.py", line 413, in config_list
    filter_query = set_filter_session(request)
  File "D:\HttpRunnerManager\ApiManager\utils\common.py", line 432, in set_filter_session
    request.session['module'] = ModuleInfo.objects.get(id=request.POST.get('module')).module_name
  File "E:\Python35\lib\site-packages\django\db\models\manager.py", line 82, in manager_method
    return getattr(self.get_queryset(), name)(*args, **kwargs)
  File "E:\Python35\lib\site-packages\django\db\models\query.py", line 394, in get
    clone = self.filter(*args, **kwargs)
  File "E:\Python35\lib\site-packages\django\db\models\query.py", line 836, in filter
    return self._filter_or_exclude(False, *args, **kwargs)
  File "E:\Python35\lib\site-packages\django\db\models\query.py", line 854, in _filter_or_exclude
    clone.query.add_q(Q(*args, **kwargs))
  File "E:\Python35\lib\site-packages\django\db\models\sql\query.py", line 1253, in add_q
    clause, _ = self._add_q(q_object, self.used_aliases)
  File "E:\Python35\lib\site-packages\django\db\models\sql\query.py", line 1277, in _add_q
    split_subq=split_subq,
  File "E:\Python35\lib\site-packages\django\db\models\sql\query.py", line 1215, in build_filter
    condition = self.build_lookup(lookups, col, value)
  File "E:\Python35\lib\site-packages\django\db\models\sql\query.py", line 1085, in build_lookup
    lookup = lookup_class(lhs, rhs)
  File "E:\Python35\lib\site-packages\django\db\models\lookups.py", line 18, in __init__
    self.rhs = self.get_prep_lookup()
  File "E:\Python35\lib\site-packages\django\db\models\lookups.py", line 68, in get_prep_lookup
    return self.lhs.output_field.get_prep_value(self.rhs)
  File "E:\Python35\lib\site-packages\django\db\models\fields\__init__.py", line 947, in get_prep_value
    return int(value)
ValueError: invalid literal for int() with base 10: ''
2018-07-02 14:24:14,328 [HttpRunnerManager:78] [views:log_out] [INFO]- yinquanwangÍË³ö
2018-07-02 14:24:16,921 [HttpRunnerManager:45] [views:login] [INFO]- yinquanwang µÇÂ¼³É¹¦
2018-07-02 14:27:17,963 [django.request:118] [exception:handle_uncaught_exception] [ERROR]- Internal Server Error: /api/project_list/1/
Traceback (most recent call last):
  File "E:\Python35\lib\site-packages\django\template\base.py", line 475, in parse
    compile_func = self.tags[command]
KeyError: 'endif'

During handling of the above exception, another exception occurred:

Traceback (most recent call last):
  File "E:\Python35\lib\site-packages\django\core\handlers\exception.py", line 35, in inner
    response = get_response(request)
  File "E:\Python35\lib\site-packages\django\core\handlers\base.py", line 128, in _get_response
    response = self.process_exception_by_middleware(e, request)
  File "E:\Python35\lib\site-packages\django\core\handlers\base.py", line 126, in _get_response
    response = wrapped_callback(request, *callback_args, **callback_kwargs)
  File "D:\HttpRunnerManager\HttpRunnerManager\activator.py", line 15, in process
    result = fun(request, index) if index else fun(request)
  File "D:\HttpRunnerManager\ApiManager\views.py", line 323, in project_list
    return render_to_response('project_list.html', manage_info)
  File "E:\Python35\lib\site-packages\django\shortcuts.py", line 27, in render_to_response
    content = loader.render_to_string(template_name, context, using=using)
  File "E:\Python35\lib\site-packages\django\template\loader.py", line 61, in render_to_string
    template = get_template(template_name, using=using)
  File "E:\Python35\lib\site-packages\django\template\loader.py", line 15, in get_template
    return engine.get_template(template_name)
  File "E:\Python35\lib\site-packages\django\template\backends\django.py", line 34, in get_template
    return Template(self.engine.get_template(template_name), self)
  File "E:\Python35\lib\site-packages\django\template\engine.py", line 144, in get_template
    template, origin = self.find_template(template_name)
  File "E:\Python35\lib\site-packages\django\template\engine.py", line 126, in find_template
    template = loader.get_template(name, skip=skip)
  File "E:\Python35\lib\site-packages\django\template\loaders\base.py", line 30, in get_template
    contents, origin, origin.template_name, self.engine,
  File "E:\Python35\lib\site-packages\django\template\base.py", line 160, in __init__
    self.nodelist = self.compile_nodelist()
  File "E:\Python35\lib\site-packages\django\template\base.py", line 198, in compile_nodelist
    return parser.parse()
  File "E:\Python35\lib\site-packages\django\template\base.py", line 483, in parse
    raise self.error(token, e)
  File "E:\Python35\lib\site-packages\django\template\base.py", line 481, in parse
    compiled_result = compile_func(self, token)
  File "E:\Python35\lib\site-packages\django\template\loader_tags.py", line 290, in do_extends
    nodelist = parser.parse()
  File "E:\Python35\lib\site-packages\django\template\base.py", line 483, in parse
    raise self.error(token, e)
  File "E:\Python35\lib\site-packages\django\template\base.py", line 481, in parse
    compiled_result = compile_func(self, token)
  File "E:\Python35\lib\site-packages\django\template\loader_tags.py", line 233, in do_block
    nodelist = parser.parse(('endblock',))
  File "E:\Python35\lib\site-packages\django\template\base.py", line 477, in parse
    self.invalid_block_tag(token, command, parse_until)
  File "E:\Python35\lib\site-packages\django\template\base.py", line 533, in invalid_block_tag
    get_text_list(["'%s'" % p for p in parse_until], 'or'),
django.template.exceptions.TemplateSyntaxError: Invalid block tag on line 176: 'endif', expected 'endblock'. Did you forget to register or load this tag?
2018-07-02 14:27:44,949 [django.request:118] [exception:handle_uncaught_exception] [ERROR]- Internal Server Error: /api/project_list/1/
Traceback (most recent call last):
  File "E:\Python35\lib\site-packages\django\template\base.py", line 475, in parse
    compile_func = self.tags[command]
KeyError: 'endif'

During handling of the above exception, another exception occurred:

Traceback (most recent call last):
  File "E:\Python35\lib\site-packages\django\core\handlers\exception.py", line 35, in inner
    response = get_response(request)
  File "E:\Python35\lib\site-packages\django\core\handlers\base.py", line 128, in _get_response
    response = self.process_exception_by_middleware(e, request)
  File "E:\Python35\lib\site-packages\django\core\handlers\base.py", line 126, in _get_response
    response = wrapped_callback(request, *callback_args, **callback_kwargs)
  File "D:\HttpRunnerManager\HttpRunnerManager\activator.py", line 15, in process
    result = fun(request, index) if index else fun(request)
  File "D:\HttpRunnerManager\ApiManager\views.py", line 323, in project_list
    return render_to_response('project_list.html', manage_info)
  File "E:\Python35\lib\site-packages\django\shortcuts.py", line 27, in render_to_response
    content = loader.render_to_string(template_name, context, using=using)
  File "E:\Python35\lib\site-packages\django\template\loader.py", line 61, in render_to_string
    template = get_template(template_name, using=using)
  File "E:\Python35\lib\site-packages\django\template\loader.py", line 15, in get_template
    return engine.get_template(template_name)
  File "E:\Python35\lib\site-packages\django\template\backends\django.py", line 34, in get_template
    return Template(self.engine.get_template(template_name), self)
  File "E:\Python35\lib\site-packages\django\template\engine.py", line 144, in get_template
    template, origin = self.find_template(template_name)
  File "E:\Python35\lib\site-packages\django\template\engine.py", line 126, in find_template
    template = loader.get_template(name, skip=skip)
  File "E:\Python35\lib\site-packages\django\template\loaders\base.py", line 30, in get_template
    contents, origin, origin.template_name, self.engine,
  File "E:\Python35\lib\site-packages\django\template\base.py", line 160, in __init__
    self.nodelist = self.compile_nodelist()
  File "E:\Python35\lib\site-packages\django\template\base.py", line 198, in compile_nodelist
    return parser.parse()
  File "E:\Python35\lib\site-packages\django\template\base.py", line 483, in parse
    raise self.error(token, e)
  File "E:\Python35\lib\site-packages\django\template\base.py", line 481, in parse
    compiled_result = compile_func(self, token)
  File "E:\Python35\lib\site-packages\django\template\loader_tags.py", line 290, in do_extends
    nodelist = parser.parse()
  File "E:\Python35\lib\site-packages\django\template\base.py", line 483, in parse
    raise self.error(token, e)
  File "E:\Python35\lib\site-packages\django\template\base.py", line 481, in parse
    compiled_result = compile_func(self, token)
  File "E:\Python35\lib\site-packages\django\template\loader_tags.py", line 233, in do_block
    nodelist = parser.parse(('endblock',))
  File "E:\Python35\lib\site-packages\django\template\base.py", line 477, in parse
    self.invalid_block_tag(token, command, parse_until)
  File "E:\Python35\lib\site-packages\django\template\base.py", line 533, in invalid_block_tag
    get_text_list(["'%s'" % p for p in parse_until], 'or'),
django.template.exceptions.TemplateSyntaxError: Invalid block tag on line 176: 'endif', expected 'endblock'. Did you forget to register or load this tag?
2018-07-02 14:27:47,983 [django.request:118] [exception:handle_uncaught_exception] [ERROR]- Internal Server Error: /api/project_list/1/
Traceback (most recent call last):
  File "E:\Python35\lib\site-packages\django\template\base.py", line 475, in parse
    compile_func = self.tags[command]
KeyError: 'endif'

During handling of the above exception, another exception occurred:

Traceback (most recent call last):
  File "E:\Python35\lib\site-packages\django\core\handlers\exception.py", line 35, in inner
    response = get_response(request)
  File "E:\Python35\lib\site-packages\django\core\handlers\base.py", line 128, in _get_response
    response = self.process_exception_by_middleware(e, request)
  File "E:\Python35\lib\site-packages\django\core\handlers\base.py", line 126, in _get_response
    response = wrapped_callback(request, *callback_args, **callback_kwargs)
  File "D:\HttpRunnerManager\HttpRunnerManager\activator.py", line 15, in process
    result = fun(request, index) if index else fun(request)
  File "D:\HttpRunnerManager\ApiManager\views.py", line 323, in project_list
    return render_to_response('project_list.html', manage_info)
  File "E:\Python35\lib\site-packages\django\shortcuts.py", line 27, in render_to_response
    content = loader.render_to_string(template_name, context, using=using)
  File "E:\Python35\lib\site-packages\django\template\loader.py", line 61, in render_to_string
    template = get_template(template_name, using=using)
  File "E:\Python35\lib\site-packages\django\template\loader.py", line 15, in get_template
    return engine.get_template(template_name)
  File "E:\Python35\lib\site-packages\django\template\backends\django.py", line 34, in get_template
    return Template(self.engine.get_template(template_name), self)
  File "E:\Python35\lib\site-packages\django\template\engine.py", line 144, in get_template
    template, origin = self.find_template(template_name)
  File "E:\Python35\lib\site-packages\django\template\engine.py", line 126, in find_template
    template = loader.get_template(name, skip=skip)
  File "E:\Python35\lib\site-packages\django\template\loaders\base.py", line 30, in get_template
    contents, origin, origin.template_name, self.engine,
  File "E:\Python35\lib\site-packages\django\template\base.py", line 160, in __init__
    self.nodelist = self.compile_nodelist()
  File "E:\Python35\lib\site-packages\django\template\base.py", line 198, in compile_nodelist
    return parser.parse()
  File "E:\Python35\lib\site-packages\django\template\base.py", line 483, in parse
    raise self.error(token, e)
  File "E:\Python35\lib\site-packages\django\template\base.py", line 481, in parse
    compiled_result = compile_func(self, token)
  File "E:\Python35\lib\site-packages\django\template\loader_tags.py", line 290, in do_extends
    nodelist = parser.parse()
  File "E:\Python35\lib\site-packages\django\template\base.py", line 483, in parse
    raise self.error(token, e)
  File "E:\Python35\lib\site-packages\django\template\base.py", line 481, in parse
    compiled_result = compile_func(self, token)
  File "E:\Python35\lib\site-packages\django\template\loader_tags.py", line 233, in do_block
    nodelist = parser.parse(('endblock',))
  File "E:\Python35\lib\site-packages\django\template\base.py", line 477, in parse
    self.invalid_block_tag(token, command, parse_until)
  File "E:\Python35\lib\site-packages\django\template\base.py", line 533, in invalid_block_tag
    get_text_list(["'%s'" % p for p in parse_until], 'or'),
django.template.exceptions.TemplateSyntaxError: Invalid block tag on line 176: 'endif', expected 'endblock'. Did you forget to register or load this tag?
2018-07-02 14:28:16,257 [HttpRunnerManager:78] [views:log_out] [INFO]- yinquanwangÍË³ö
2018-07-02 14:28:18,192 [HttpRunnerManager:45] [views:login] [INFO]- yinquanwang µÇÂ¼³É¹¦
2018-07-02 14:37:16,138 [django.request:118] [exception:handle_uncaught_exception] [ERROR]- Internal Server Error: /api/project_list/1/
Traceback (most recent call last):
  File "E:\Python35\lib\site-packages\django\core\handlers\exception.py", line 35, in inner
    response = get_response(request)
  File "E:\Python35\lib\site-packages\django\core\handlers\base.py", line 128, in _get_response
    response = self.process_exception_by_middleware(e, request)
  File "E:\Python35\lib\site-packages\django\core\handlers\base.py", line 126, in _get_response
    response = wrapped_callback(request, *callback_args, **callback_kwargs)
  File "D:\HttpRunnerManager\HttpRunnerManager\activator.py", line 15, in process
    result = fun(request, index) if index else fun(request)
  File "D:\HttpRunnerManager\ApiManager\views.py", line 311, in project_list
    filter_query = set_filter_session(request)
  File "D:\HttpRunnerManager\ApiManager\utils\common.py", line 442, in set_filter_session
    'belong_project': request.session['project'],
  File "E:\Python35\lib\site-packages\django\contrib\sessions\backends\base.py", line 55, in __getitem__
    return self._session[key]
KeyError: 'project'
2018-07-02 14:37:20,563 [django.request:118] [exception:handle_uncaught_exception] [ERROR]- Internal Server Error: /api/project_list/1/
Traceback (most recent call last):
  File "E:\Python35\lib\site-packages\django\core\handlers\exception.py", line 35, in inner
    response = get_response(request)
  File "E:\Python35\lib\site-packages\django\core\handlers\base.py", line 128, in _get_response
    response = self.process_exception_by_middleware(e, request)
  File "E:\Python35\lib\site-packages\django\core\handlers\base.py", line 126, in _get_response
    response = wrapped_callback(request, *callback_args, **callback_kwargs)
  File "D:\HttpRunnerManager\HttpRunnerManager\activator.py", line 15, in process
    result = fun(request, index) if index else fun(request)
  File "D:\HttpRunnerManager\ApiManager\views.py", line 311, in project_list
    filter_query = set_filter_session(request)
  File "D:\HttpRunnerManager\ApiManager\utils\common.py", line 442, in set_filter_session
    'belong_project': request.session['project'],
  File "E:\Python35\lib\site-packages\django\contrib\sessions\backends\base.py", line 55, in __getitem__
    return self._session[key]
KeyError: 'project'
2018-07-02 14:37:24,899 [HttpRunnerManager:78] [views:log_out] [INFO]- yinquanwangÍË³ö
2018-07-02 14:37:26,773 [HttpRunnerManager:45] [views:login] [INFO]- yinquanwang µÇÂ¼³É¹¦
2018-07-02 14:37:30,837 [django.request:118] [exception:handle_uncaught_exception] [ERROR]- Internal Server Error: /api/add_case/
Traceback (most recent call last):
  File "E:\Python35\lib\site-packages\django\core\handlers\exception.py", line 35, in inner
    response = get_response(request)
  File "E:\Python35\lib\site-packages\django\core\handlers\base.py", line 128, in _get_response
    response = self.process_exception_by_middleware(e, request)
  File "E:\Python35\lib\site-packages\django\core\handlers\base.py", line 126, in _get_response
    response = wrapped_callback(request, *callback_args, **callback_kwargs)
  File "D:\HttpRunnerManager\HttpRunnerManager\activator.py", line 15, in process
    result = fun(request, index) if index else fun(request)
  File "D:\HttpRunnerManager\ApiManager\views.py", line 170, in add_case
    msg = case_info_logic(**testcase_info)
  File "D:\HttpRunnerManager\ApiManager\utils\common.py", line 210, in case_info_logic
    test = kwargs.pop('test')
KeyError: 'test'
2018-07-02 14:37:33,775 [django.request:118] [exception:handle_uncaught_exception] [ERROR]- Internal Server Error: /api/add_case/
Traceback (most recent call last):
  File "E:\Python35\lib\site-packages\django\core\handlers\exception.py", line 35, in inner
    response = get_response(request)
  File "E:\Python35\lib\site-packages\django\core\handlers\base.py", line 128, in _get_response
    response = self.process_exception_by_middleware(e, request)
  File "E:\Python35\lib\site-packages\django\core\handlers\base.py", line 126, in _get_response
    response = wrapped_callback(request, *callback_args, **callback_kwargs)
  File "D:\HttpRunnerManager\HttpRunnerManager\activator.py", line 15, in process
    result = fun(request, index) if index else fun(request)
  File "D:\HttpRunnerManager\ApiManager\views.py", line 170, in add_case
    msg = case_info_logic(**testcase_info)
  File "D:\HttpRunnerManager\ApiManager\utils\common.py", line 210, in case_info_logic
    test = kwargs.pop('test')
KeyError: 'test'
2018-07-02 14:39:25,603 [HttpRunnerManager:78] [views:log_out] [INFO]- yinquanwangÍË³ö
2018-07-02 14:39:27,918 [HttpRunnerManager:45] [views:login] [INFO]- yinquanwang µÇÂ¼³É¹¦
2018-07-02 14:43:42,829 [HttpRunnerManager:78] [views:log_out] [INFO]- yinquanwangÍË³ö
2018-07-02 14:43:44,932 [HttpRunnerManager:45] [views:login] [INFO]- yinquanwang µÇÂ¼³É¹¦
2018-07-02 14:47:52,728 [HttpRunnerManager:78] [views:log_out] [INFO]- yinquanwangÍË³ö
2018-07-02 14:47:54,981 [HttpRunnerManager:45] [views:login] [INFO]- yinquanwang µÇÂ¼³É¹¦
2018-07-02 14:55:50,890 [HttpRunnerManager:78] [views:log_out] [INFO]- yinquanwangÍË³ö
2018-07-02 14:55:53,036 [HttpRunnerManager:45] [views:login] [INFO]- yinquanwang µÇÂ¼³É¹¦
2018-07-02 14:57:17,859 [django.request:118] [exception:handle_uncaught_exception] [ERROR]- Internal Server Error: /api/module_list/1/
Traceback (most recent call last):
  File "E:\Python35\lib\site-packages\django\core\handlers\exception.py", line 35, in inner
    response = get_response(request)
  File "E:\Python35\lib\site-packages\django\core\handlers\base.py", line 128, in _get_response
    response = self.process_exception_by_middleware(e, request)
  File "E:\Python35\lib\site-packages\django\core\handlers\base.py", line 126, in _get_response
    response = wrapped_callback(request, *callback_args, **callback_kwargs)
  File "D:\HttpRunnerManager\HttpRunnerManager\activator.py", line 15, in process
    result = fun(request, index) if index else fun(request)
  File "D:\HttpRunnerManager\ApiManager\views.py", line 345, in module_list
    filter_query = set_filter_session(request)
  File "D:\HttpRunnerManager\ApiManager\utils\common.py", line 433, in set_filter_session
    request.session['module'] = ModuleInfo.objects.get(id=request.POST.get('module')).module_name
  File "E:\Python35\lib\site-packages\django\db\models\manager.py", line 82, in manager_method
    return getattr(self.get_queryset(), name)(*args, **kwargs)
  File "E:\Python35\lib\site-packages\django\db\models\query.py", line 394, in get
    clone = self.filter(*args, **kwargs)
  File "E:\Python35\lib\site-packages\django\db\models\query.py", line 836, in filter
    return self._filter_or_exclude(False, *args, **kwargs)
  File "E:\Python35\lib\site-packages\django\db\models\query.py", line 854, in _filter_or_exclude
    clone.query.add_q(Q(*args, **kwargs))
  File "E:\Python35\lib\site-packages\django\db\models\sql\query.py", line 1253, in add_q
    clause, _ = self._add_q(q_object, self.used_aliases)
  File "E:\Python35\lib\site-packages\django\db\models\sql\query.py", line 1277, in _add_q
    split_subq=split_subq,
  File "E:\Python35\lib\site-packages\django\db\models\sql\query.py", line 1215, in build_filter
    condition = self.build_lookup(lookups, col, value)
  File "E:\Python35\lib\site-packages\django\db\models\sql\query.py", line 1085, in build_lookup
    lookup = lookup_class(lhs, rhs)
  File "E:\Python35\lib\site-packages\django\db\models\lookups.py", line 18, in __init__
    self.rhs = self.get_prep_lookup()
  File "E:\Python35\lib\site-packages\django\db\models\lookups.py", line 68, in get_prep_lookup
    return self.lhs.output_field.get_prep_value(self.rhs)
  File "E:\Python35\lib\site-packages\django\db\models\fields\__init__.py", line 947, in get_prep_value
    return int(value)
ValueError: invalid literal for int() with base 10: 'ÓÃÀı_quant_login_out(µÇÈëµÇ³ö)'
2018-07-02 14:59:50,449 [HttpRunnerManager:78] [views:log_out] [INFO]- yinquanwangÍË³ö
2018-07-02 14:59:52,333 [HttpRunnerManager:45] [views:login] [INFO]- yinquanwang µÇÂ¼³É¹¦
2019-03-29 16:09:55,736 [django.request:93] [base:get_response] [WARNING]- Not Found: /
2019-03-29 16:11:45,892 [HttpRunnerManager:35] [operation:add_register_data] [INFO]- æ–°å¢ç”¨æˆ·ï¼šApiManager.UserInfo.objects
2019-03-29 16:11:50,967 [HttpRunnerManager:55] [views:login] [INFO]- liuyuan ç™»å½•æˆåŠŸ
2019-03-29 17:04:59,696 [HttpRunnerManager:62] [operation:add_project_data] [INFO]- é¡¹ç›®æ·»åŠ æˆåŠŸï¼š{'project_name': 'ä¼´é±¼å°‘å„¿å£è¯­', 'responsible_name': 'åˆ˜å…ƒ', 'test_user': 'åˆ˜å…ƒ', 'dev_user': 'åˆ˜å…ƒ', 'publish_app': 'ä¼´é±¼å°‘å„¿å£è¯­', 'simple_desc': '', 'other_desc': ''}
2019-03-29 17:05:26,818 [HttpRunnerManager:110] [operation:add_module_data] [INFO]- æ¨¡å—æ·»åŠ æˆåŠŸï¼š{'module_name': 'è´¦æˆ·', 'test_user': 'åˆ˜å…ƒ', 'simple_desc': '', 'other_desc': '', 'belong_project': <ProjectInfo: ProjectInfo object (1)>}
2019-03-29 17:05:41,379 [HttpRunnerManager:110] [operation:add_module_data] [INFO]- æ¨¡å—æ·»åŠ æˆåŠŸï¼š{'module_name': 'è´­è¯¾è®°å½•', 'test_user': 'åˆ˜å…ƒ', 'simple_desc': '', 'other_desc': '', 'belong_project': <ProjectInfo: ProjectInfo object (1)>}
2019-03-29 17:06:35,714 [HttpRunnerManager:192] [operation:add_config_data] [INFO]- ä¼´é±¼å°‘å„¿å£è¯­-ç¯å¢ƒé…ç½®é…ç½®æ·»åŠ æˆåŠŸ: {'config': {'request': {}, 'name': 'ä¼´é±¼å°‘å„¿å£è¯­-ç¯å¢ƒé…ç½®'}}
2019-03-29 17:10:27,445 [HttpRunnerManager:154] [operation:add_case_data] [INFO]- ç™»å½•-æˆåŠŸç”¨ä¾‹æ·»åŠ æˆåŠŸ: {'test': {'request': {'url': '/klian/account/login', 'method': 'POST', 'json': {'h_lc': 'zh-Hans-CN', 'h_ch': 'appstore', 'h_dt_sub': 1, 'zone': 28800, 'h_src': 3, 'cate': 1, 'phone': '72110420268', 'pw': '57b96843f632159c', 'area': '86', 'h_ts': 1553751482822, 'h_av': '4.0.17', 'h_nt': 1, 'h_did': '0976fb9a82a0c111cd9f25d607ab160b78ea5911', 'h_m': 21180051, 'token': 'CJPdjAoQtbvx5AUYASIIaExIUnhWbVI=.41cfef9fea5ad3d8', 'h_bu': '20190321.203416', 'h_p': 21125, 'h_dt': 1}, 'headers': {'Content-Type': 'application/json', 'User-Agent': 'palfish-talk-kids/4.0.17 (iPhone; iOS 12.1.4; Scale/3.00)', 'Cookie': 'ipalfish_device_id=18f52aaf983d070f8dd6e2177af801de; Hm_lvt_69a10d384b6717582f94d80c392b44f7=1552879428'}}, 'name': 'ç™»å½•-æˆåŠŸ', 'validate': [{'comparator': 'equals', 'check': '$.conrent.ret', 'expected': 1}], 'extract': [{}]}}
2019-03-29 17:11:55,964 [HttpRunnerManager:163] [operation:add_case_data] [INFO]- ç™»å½•-æˆåŠŸç”¨ä¾‹æ›´æ–°æˆåŠŸ: {'test': {'request': {'url': '/klian/account/login', 'method': 'POST', 'json': {'h_lc': 'zh-Hans-CN', 'h_ch': 'appstore', 'h_dt_sub': 1, 'zone': 28800, 'h_src': 3, 'cate': 1, 'phone': '72110420268', 'pw': '57b96843f632159c', 'area': '86', 'h_ts': 1553751482822, 'h_av': '4.0.17', 'h_nt': 1, 'h_did': '0976fb9a82a0c111cd9f25d607ab160b78ea5911', 'h_m': 21180051, 'token': 'CJPdjAoQtbvx5AUYASIIaExIUnhWbVI=.41cfef9fea5ad3d8', 'h_bu': '20190321.203416', 'h_p': 21125, 'h_dt': 1}, 'headers': {'Content-Type': 'application/json', 'User-Agent': 'palfish-talk-kids/4.0.17 (iPhone; iOS 12.1.4; Scale/3.00)', 'Cookie': 'ipalfish_device_id=18f52aaf983d070f8dd6e2177af801de; Hm_lvt_69a10d384b6717582f94d80c392b44f7=1552879428'}}, 'name': 'ç™»å½•-æˆåŠŸ', 'validate': [{'comparator': 'equals', 'check': '$.content.ret', 'expected': 1}]}}
2019-03-29 17:12:22,962 [HttpRunnerManager:163] [operation:add_case_data] [INFO]- ç™»å½•-æˆåŠŸç”¨ä¾‹æ›´æ–°æˆåŠŸ: {'test': {'request': {'url': '/klian/account/login', 'method': 'POST', 'json': {'h_lc': 'zh-Hans-CN', 'h_ch': 'appstore', 'h_dt_sub': 1, 'zone': 28800, 'h_src': 3, 'cate': 1, 'phone': '72110420268', 'pw': '57b96843f632159c', 'area': '86', 'h_ts': 1553751482822, 'h_av': '4.0.17', 'h_nt': 1, 'h_did': '0976fb9a82a0c111cd9f25d607ab160b78ea5911', 'h_m': 21180051, 'token': 'CJPdjAoQtbvx5AUYASIIaExIUnhWbVI=.41cfef9fea5ad3d8', 'h_bu': '20190321.203416', 'h_p': 21125, 'h_dt': 1}, 'headers': {'Content-Type': 'application/json', 'User-Agent': 'palfish-talk-kids/4.0.17 (iPhone; iOS 12.1.4; Scale/3.00)', 'Cookie': 'ipalfish_device_id=18f52aaf983d070f8dd6e2177af801de; Hm_lvt_69a10d384b6717582f94d80c392b44f7=1552879428'}}, 'name': 'ç™»å½•-æˆåŠŸ', 'validate': [{'comparator': 'equals', 'check': '$content.ret', 'expected': 1}]}}
2019-03-29 17:13:56,040 [HttpRunnerManager:163] [operation:add_case_data] [INFO]- ç™»å½•-æˆåŠŸç”¨ä¾‹æ›´æ–°æˆåŠŸ: {'test': {'request': {'url': '/klian/account/login', 'method': 'POST', 'json': {'h_lc': 'zh-Hans-CN', 'h_ch': 'appstore', 'h_dt_sub': 1, 'zone': 28800, 'h_src': 3, 'cate': 1, 'phone': '72110420268', 'pw': '57b96843f632159c', 'area': '86', 'h_ts': 1553751482822, 'h_av': '4.0.17', 'h_nt': 1, 'h_did': '0976fb9a82a0c111cd9f25d607ab160b78ea5911', 'h_m': 21180051, 'token': 'CJPdjAoQtbvx5AUYASIIaExIUnhWbVI=.41cfef9fea5ad3d8', 'h_bu': '20190321.203416', 'h_p': 21125, 'h_dt': 1}, 'headers': {'Content-Type': 'application/json', 'User-Agent': 'palfish-talk-kids/4.0.17 (iPhone; iOS 12.1.4; Scale/3.00)', 'Cookie': 'ipalfish_device_id=18f52aaf983d070f8dd6e2177af801de; Hm_lvt_69a10d384b6717582f94d80c392b44f7=1552879428'}}, 'name': 'ç™»å½•-æˆåŠŸ', 'validate': [{'comparator': 'equals', 'check': 'content.ret', 'expected': 1}]}}
2019-03-29 17:53:33,357 [HttpRunnerManager:55] [views:login] [INFO]- liuyuan ç™»å½•æˆåŠŸ
2019-03-29 18:04:13,884 [HttpRunnerManager:55] [views:login] [INFO]- liuyuan ç™»å½•æˆåŠŸ
2019-04-01 11:42:29,725 [HttpRunnerManager:55] [views:login] [INFO]- liuyuan ç™»å½•æˆåŠŸ
2019-04-01 11:43:17,236 [HttpRunnerManager:55] [views:login] [INFO]- liuyuan ç™»å½•æˆåŠŸ
2019-04-01 14:07:13,164 [HttpRunnerManager:154] [operation:add_case_data] [INFO]- è·å–è´­è¯¾è®°å½•-æˆåŠŸç”¨ä¾‹æ·»åŠ æˆåŠŸ: {'test': {'request': {'url': '/klian/order/getmylist/v2', 'method': 'POST', 'json': {'h_lc': 'zh-Hans-CN', 'h_ch': 'appstore', 'h_dt_sub': 1, 'zone': 28800, 'h_src': 3, 'cate': 1, 'filt': 0, 'h_ts': 1554098506106, 'h_av': '4.0.18', 'h_nt': 1, 'h_did': '0976fb9a82a0c111cd9f25d607ab160b78ea5911', 'h_m': 21180049, 'token': '$token', 'h_bu': '20190325.220959', 'h_p': 923, 'offset': 0, 'touid': 0, 'h_dt': 1, 'limit': 0}, 'headers': {'Content-Type': 'application/json', 'User-Agent': 'palfish-talk-kids/4.0.18 (iPhone; iOS 12.1.4; Scale/3.00)'}}, 'name': 'è·å–è´­è¯¾è®°å½•-æˆåŠŸ', 'validate': [{'comparator': 'equals', 'check': '$content.ret', 'expected': 1}]}}
2019-04-01 14:09:26,282 [HttpRunnerManager:163] [operation:add_case_data] [INFO]- è·å–è´­è¯¾è®°å½•-æˆåŠŸç”¨ä¾‹æ›´æ–°æˆåŠŸ: {'test': {'request': {'url': '/klian/order/getmylist/v2', 'method': 'POST', 'json': {'h_lc': 'zh-Hans-CN', 'h_ch': 'appstore', 'h_dt_sub': 1, 'zone': 28800, 'h_src': 3, 'cate': 1, 'filt': 0, 'h_ts': 1554098506106, 'h_av': '4.0.18', 'h_nt': 1, 'h_did': '0976fb9a82a0c111cd9f25d607ab160b78ea5911', 'h_m': 21180049, 'token': '$token', 'h_bu': '20190325.220959', 'h_p': 923, 'offset': 0, 'touid': 0, 'h_dt': 1, 'limit': 0}, 'headers': {'Content-Type': 'application/json', 'User-Agent': 'palfish-talk-kids/4.0.18 (iPhone; iOS 12.1.4; Scale/3.00)'}}, 'name': 'è·å–è´­è¯¾è®°å½•-æˆåŠŸ', 'validate': [{'comparator': 'equals', 'check': '$content.ret', 'expected': 1}]}}
2019-04-01 14:10:51,710 [HttpRunnerManager:163] [operation:add_case_data] [INFO]- ç™»å½•-æˆåŠŸç”¨ä¾‹æ›´æ–°æˆåŠŸ: {'test': {'request': {'url': '/klian/account/login', 'method': 'POST', 'json': {'h_lc': 'zh-Hans-CN', 'h_ch': 'appstore', 'h_dt_sub': 1, 'zone': 28800, 'h_src': 3, 'cate': 1, 'phone': '72110420268', 'pw': '57b96843f632159c', 'area': '86', 'h_ts': 1553751482822, 'h_av': '4.0.17', 'h_nt': 1, 'h_did': '0976fb9a82a0c111cd9f25d607ab160b78ea5911', 'h_m': 21180051, 'token': 'CJPdjAoQtbvx5AUYASIIaExIUnhWbVI=.41cfef9fea5ad3d8', 'h_bu': '20190321.203416', 'h_p': 21125, 'h_dt': 1}, 'headers': {'Content-Type': 'application/json', 'User-Agent': 'palfish-talk-kids/4.0.17 (iPhone; iOS 12.1.4; Scale/3.00)', 'Cookie': 'ipalfish_device_id=18f52aaf983d070f8dd6e2177af801de; Hm_lvt_69a10d384b6717582f94d80c392b44f7=1552879428'}}, 'name': 'ç™»å½•-æˆåŠŸ', 'validate': [{'comparator': 'equals', 'check': 'content.ret', 'expected': 1}], 'extract': [{'token': 'content.data.token'}]}}
2019-04-01 14:11:20,215 [HttpRunnerManager:163] [operation:add_case_data] [INFO]- è·å–è´­è¯¾è®°å½•-æˆåŠŸç”¨ä¾‹æ›´æ–°æˆåŠŸ: {'test': {'request': {'url': '/klian/order/getmylist/v2', 'method': 'POST', 'json': {'h_lc': 'zh-Hans-CN', 'h_ch': 'appstore', 'h_dt_sub': 1, 'zone': 28800, 'h_src': 3, 'cate': 1, 'filt': 0, 'h_ts': 1554098506106, 'h_av': '4.0.18', 'h_nt': 1, 'h_did': '0976fb9a82a0c111cd9f25d607ab160b78ea5911', 'h_m': 21180049, 'token': '$token', 'h_bu': '20190325.220959', 'h_p': 923, 'offset': 0, 'touid': 0, 'h_dt': 1, 'limit': 0}, 'headers': {'Content-Type': 'application/json', 'User-Agent': 'palfish-talk-kids/4.0.18 (iPhone; iOS 12.1.4; Scale/3.00)'}}, 'name': 'è·å–è´­è¯¾è®°å½•-æˆåŠŸ', 'validate': [{'comparator': 'equals', 'check': 'content.ret', 'expected': 1}]}}
2019-04-01 14:16:52,906 [HttpRunnerManager:163] [operation:add_case_data] [INFO]- è·å–è´­è¯¾è®°å½•-æˆåŠŸç”¨ä¾‹æ›´æ–°æˆåŠŸ: {'test': {'request': {'url': '/klian/order/getmylist/v2', 'method': 'POST', 'json': {'h_lc': 'zh-Hans-CN', 'h_ch': 'appstore', 'h_dt_sub': 1, 'zone': 28800, 'h_src': 3, 'cate': 1, 'filt': 0, 'h_ts': 1554098506106, 'h_av': '4.0.18', 'h_nt': 1, 'h_did': '0976fb9a82a0c111cd9f25d607ab160b78ea5911', 'h_m': 21180049, 'token': '$token', 'h_bu': '20190325.220959', 'h_p': 923, 'offset': 0, 'touid': 0, 'h_dt': 1, 'limit': 0}, 'headers': {'Content-Type': 'application/json', 'User-Agent': 'palfish-talk-kids/4.0.18 (iPhone; iOS 12.1.4; Scale/3.00)'}}, 'name': 'è·å–è´­è¯¾è®°å½•-æˆåŠŸ', 'validate': [{'comparator': 'equals', 'check': 'content.ret', 'expected': 1}]}}
2019-04-01 14:22:25,276 [django.request:118] [exception:handle_uncaught_exception] [ERROR]- Internal Server Error: /api/edit_case/
Traceback (most recent call last):
  File "/Users/yuxin/anaconda3/envs/HttpRunnerManager/lib/python3.6/site-packages/django/core/handlers/exception.py", line 35, in inner
    response = get_response(request)
  File "/Users/yuxin/anaconda3/envs/HttpRunnerManager/lib/python3.6/site-packages/django/core/handlers/base.py", line 128, in _get_response
    response = self.process_exception_by_middleware(e, request)
  File "/Users/yuxin/anaconda3/envs/HttpRunnerManager/lib/python3.6/site-packages/django/core/handlers/base.py", line 126, in _get_response
    response = wrapped_callback(request, *callback_args, **callback_kwargs)
  File "/Users/yuxin/workspace/github/HttpRunnerManager/HttpRunnerManager/activator.py", line 15, in process
    result = fun(request, index) if index else fun(request)
  File "/Users/yuxin/workspace/github/HttpRunnerManager/ApiManager/views.py", line 39, in wrapper
    return func(request, *args, **kwargs)
  File "/Users/yuxin/workspace/github/HttpRunnerManager/ApiManager/views.py", line 427, in edit_case
    msg = case_info_logic(type=False, **testcase_lists)
  File "/Users/yuxin/workspace/github/HttpRunnerManager/ApiManager/utils/common.py", line 286, in case_info_logic
    cookies = test.get('request').pop('cookies')
KeyError: 'cookies'
2019-04-01 14:22:35,692 [django.request:118] [exception:handle_uncaught_exception] [ERROR]- Internal Server Error: /api/edit_case/
Traceback (most recent call last):
  File "/Users/yuxin/anaconda3/envs/HttpRunnerManager/lib/python3.6/site-packages/django/core/handlers/exception.py", line 35, in inner
    response = get_response(request)
  File "/Users/yuxin/anaconda3/envs/HttpRunnerManager/lib/python3.6/site-packages/django/core/handlers/base.py", line 128, in _get_response
    response = self.process_exception_by_middleware(e, request)
  File "/Users/yuxin/anaconda3/envs/HttpRunnerManager/lib/python3.6/site-packages/django/core/handlers/base.py", line 126, in _get_response
    response = wrapped_callback(request, *callback_args, **callback_kwargs)
  File "/Users/yuxin/workspace/github/HttpRunnerManager/HttpRunnerManager/activator.py", line 15, in process
    result = fun(request, index) if index else fun(request)
  File "/Users/yuxin/workspace/github/HttpRunnerManager/ApiManager/views.py", line 39, in wrapper
    return func(request, *args, **kwargs)
  File "/Users/yuxin/workspace/github/HttpRunnerManager/ApiManager/views.py", line 427, in edit_case
    msg = case_info_logic(type=False, **testcase_lists)
  File "/Users/yuxin/workspace/github/HttpRunnerManager/ApiManager/utils/common.py", line 286, in case_info_logic
    cookies = test.get('request').pop('cookies')
KeyError: 'cookies'
2019-04-01 14:23:53,818 [django.request:118] [exception:handle_uncaught_exception] [ERROR]- Internal Server Error: /api/edit_case/
Traceback (most recent call last):
  File "/Users/yuxin/anaconda3/envs/HttpRunnerManager/lib/python3.6/site-packages/django/core/handlers/exception.py", line 35, in inner
    response = get_response(request)
  File "/Users/yuxin/anaconda3/envs/HttpRunnerManager/lib/python3.6/site-packages/django/core/handlers/base.py", line 128, in _get_response
    response = self.process_exception_by_middleware(e, request)
  File "/Users/yuxin/anaconda3/envs/HttpRunnerManager/lib/python3.6/site-packages/django/core/handlers/base.py", line 126, in _get_response
    response = wrapped_callback(request, *callback_args, **callback_kwargs)
  File "/Users/yuxin/workspace/github/HttpRunnerManager/HttpRunnerManager/activator.py", line 15, in process
    result = fun(request, index) if index else fun(request)
  File "/Users/yuxin/workspace/github/HttpRunnerManager/ApiManager/views.py", line 39, in wrapper
    return func(request, *args, **kwargs)
  File "/Users/yuxin/workspace/github/HttpRunnerManager/ApiManager/views.py", line 427, in edit_case
    msg = case_info_logic(type=False, **testcase_lists)
  File "/Users/yuxin/workspace/github/HttpRunnerManager/ApiManager/utils/common.py", line 286, in case_info_logic
    cookies = test.get('request').pop('cookies')
KeyError: 'cookies'
2019-04-01 14:25:52,466 [django.request:118] [exception:handle_uncaught_exception] [ERROR]- Internal Server Error: /api/edit_case/
Traceback (most recent call last):
  File "/Users/yuxin/anaconda3/envs/HttpRunnerManager/lib/python3.6/site-packages/django/core/handlers/exception.py", line 35, in inner
    response = get_response(request)
  File "/Users/yuxin/anaconda3/envs/HttpRunnerManager/lib/python3.6/site-packages/django/core/handlers/base.py", line 128, in _get_response
    response = self.process_exception_by_middleware(e, request)
  File "/Users/yuxin/anaconda3/envs/HttpRunnerManager/lib/python3.6/site-packages/django/core/handlers/base.py", line 126, in _get_response
    response = wrapped_callback(request, *callback_args, **callback_kwargs)
  File "/Users/yuxin/workspace/github/HttpRunnerManager/HttpRunnerManager/activator.py", line 15, in process
    result = fun(request, index) if index else fun(request)
  File "/Users/yuxin/workspace/github/HttpRunnerManager/ApiManager/views.py", line 39, in wrapper
    return func(request, *args, **kwargs)
  File "/Users/yuxin/workspace/github/HttpRunnerManager/ApiManager/views.py", line 427, in edit_case
    msg = case_info_logic(type=False, **testcase_lists)
  File "/Users/yuxin/workspace/github/HttpRunnerManager/ApiManager/utils/common.py", line 286, in case_info_logic
    cookies = test.get('request').pop('cookies')
KeyError: 'cookies'
2019-04-01 14:31:12,318 [HttpRunnerManager:163] [operation:add_case_data] [INFO]- è·å–è´­è¯¾è®°å½•-æˆåŠŸç”¨ä¾‹æ›´æ–°æˆåŠŸ: {'test': {'request': {'url': '/klian/order/getmylist/v2', 'method': 'POST', 'json': {'h_lc': 'zh-Hans-CN', 'h_ch': 'appstore', 'h_dt_sub': 1, 'zone': 28800, 'h_src': 3, 'cate': 1, 'filt': 0, 'h_ts': 1554098506106, 'h_av': '4.0.18', 'h_nt': 1, 'h_did': '0976fb9a82a0c111cd9f25d607ab160b78ea5911', 'h_m': 21180049, 'token': '$token', 'h_bu': '20190325.220959', 'h_p': 923, 'offset': 0, 'touid': 0, 'h_dt': 1, 'limit': 0}, 'headers': {'Content-Type': 'application/json', 'User-Agent': 'palfish-talk-kids/4.0.18 (iPhone; iOS 12.1.4; Scale/3.00)'}}, 'name': 'è·å–è´­è¯¾è®°å½•-æˆåŠŸ', 'validate': [{'comparator': 'equals', 'check': 'content.ret', 'expected': 1}]}}
2019-04-01 14:31:37,935 [HttpRunnerManager:163] [operation:add_case_data] [INFO]- è·å–è´­è¯¾è®°å½•-æˆåŠŸç”¨ä¾‹æ›´æ–°æˆåŠŸ: {'test': {'request': {'url': '/klian/order/getmylist/v2', 'method': 'POST', 'json': {'h_lc': 'zh-Hans-CN', 'h_ch': 'appstore', 'h_dt_sub': 1, 'zone': 28800, 'h_src': 3, 'cate': 1, 'filt': 0, 'h_ts': 1554098506106, 'h_av': '4.0.18', 'h_nt': 1, 'h_did': '0976fb9a82a0c111cd9f25d607ab160b78ea5911', 'h_m': 21180049, 'token': '$token', 'h_bu': '20190325.220959', 'h_p': 923, 'offset': 0, 'touid': 0, 'h_dt': 1, 'limit': 0}, 'headers': {'Content-Type': 'application/json', 'User-Agent': 'palfish-talk-kids/4.0.18 (iPhone; iOS 12.1.4; Scale/3.00)'}, 'cookies': {}}, 'name': 'è·å–è´­è¯¾è®°å½•-æˆåŠŸ', 'validate': [{'comparator': 'equals', 'check': 'content.ret', 'expected': 1}]}}
2019-04-01 14:33:10,690 [HttpRunnerManager:163] [operation:add_case_data] [INFO]- è·å–è´­è¯¾è®°å½•-æˆåŠŸç”¨ä¾‹æ›´æ–°æˆåŠŸ: {'test': {'request': {'url': '/klian/order/getmylist/v2', 'method': 'POST', 'json': {'h_lc': 'zh-Hans-CN', 'h_ch': 'appstore', 'h_dt_sub': 1, 'zone': 28800, 'h_src': 3, 'cate': 1, 'filt': 0, 'h_ts': 1554098506106, 'h_av': '4.0.18', 'h_nt': 1, 'h_did': '0976fb9a82a0c111cd9f25d607ab160b78ea5911', 'h_m': 21180049, 'token': '$token', 'h_bu': '20190325.220959', 'h_p': 923, 'offset': 0, 'touid': 0, 'h_dt': 1, 'limit': 0}, 'headers': {'Content-Type': 'application/json', 'User-Agent': 'palfish-talk-kids/4.0.18 (iPhone; iOS 12.1.4; Scale/3.00)'}, 'cookies': {'Hm_lvt_69a10d384b6717582f94d80c392b44f7': '1552879428'}}, 'name': 'è·å–è´­è¯¾è®°å½•-æˆåŠŸ', 'validate': [{'comparator': 'equals', 'check': 'content.ret', 'expected': 1}]}}
2019-04-01 14:35:54,918 [HttpRunnerManager:163] [operation:add_case_data] [INFO]- è·å–è´­è¯¾è®°å½•-æˆåŠŸç”¨ä¾‹æ›´æ–°æˆåŠŸ: {'test': {'request': {'url': '/klian/order/getmylist/v2', 'method': 'POST', 'json': {'h_lc': 'zh-Hans-CN', 'h_ch': 'appstore', 'h_dt_sub': 1, 'zone': 28800, 'h_src': 3, 'cate': 1, 'filt': 0, 'h_ts': 1554098506106, 'h_av': '4.0.18', 'h_nt': 1, 'h_did': '0976fb9a82a0c111cd9f25d607ab160b78ea5911', 'h_m': 21180049, 'token': '$token', 'h_bu': '20190325.220959', 'h_p': 923, 'offset': 0, 'touid': 0, 'h_dt': 1, 'limit': 0}, 'headers': {'Content-Type': 'application/json', 'User-Agent': 'palfish-talk-kids/4.0.18 (iPhone; iOS 12.1.4; Scale/3.00)'}, 'cookies': {'Hm_lvt_69a10d384b6717582f94d80c392b44f7': '1552879428'}, 'proxies': {'http': 'http://127.0.0.1:8888', 'https': 'https://127.0.0.1:8888'}}, 'name': 'è·å–è´­è¯¾è®°å½•-æˆåŠŸ', 'validate': [{'comparator': 'equals', 'check': 'content.ret', 'expected': 1}]}}
2019-04-01 14:41:22,472 [HttpRunnerManager:163] [operation:add_case_data] [INFO]- è·å–è´­è¯¾è®°å½•-æˆåŠŸç”¨ä¾‹æ›´æ–°æˆåŠŸ: {'test': {'request': {'url': '/klian/order/getmylist/v2', 'method': 'POST', 'json': {'h_lc': 'zh-Hans-CN', 'h_ch': 'appstore', 'h_dt_sub': 1, 'zone': 28800, 'h_src': 3, 'cate': 1, 'filt': 0, 'h_ts': 1554098506106, 'h_av': '4.0.18', 'h_nt': 1, 'h_did': '0976fb9a82a0c111cd9f25d607ab160b78ea5911', 'h_m': 21180049, 'token': '$token', 'h_bu': '20190325.220959', 'h_p': 923, 'offset': 0, 'touid': 0, 'h_dt': 1, 'limit': 0}, 'headers': {'Content-Type': 'application/json', 'User-Agent': 'palfish-talk-kids/4.0.18 (iPhone; iOS 12.1.4; Scale/3.00)'}, 'cookies': {'Hm_lvt_69a10d384b6717582f94d80c392b44f7': '1552879428'}, 'proxies': {'http': 'http://127.0.0.1:8888', 'https': 'https://127.0.0.1:8888'}, 'verify': False}, 'name': 'è·å–è´­è¯¾è®°å½•-æˆåŠŸ', 'validate': [{'comparator': 'equals', 'check': 'content.ret', 'expected': 1}]}}
2019-04-01 14:52:03,449 [HttpRunnerManager:154] [operation:add_case_data] [INFO]- 1ç”¨ä¾‹æ·»åŠ æˆåŠŸ: {'test': {'request': {'url': '', 'method': 'POST', 'cookies': {'Hm_lvt_69a10d384b6717582f94d80c392b44f7': '1'}, 'proxies': {'http': 'http://127.0.0.1:8888'}, 'verify': False}, 'name': '1'}}
2019-04-01 14:52:12,345 [HttpRunnerManager:163] [operation:add_case_data] [INFO]- 1ç”¨ä¾‹æ›´æ–°æˆåŠŸ: {'test': {'request': {'url': '', 'method': 'POST', 'cookies': {'Hm_lvt_69a10d384b6717582f94d80c392b44f7': '2'}, 'proxies': {'http': 'http://127.0.0.1:8888'}, 'verify': False}, 'name': '1'}}
2019-04-01 15:10:47,332 [HttpRunnerManager:192] [operation:add_config_data] [INFO]- ä¼´é±¼å°‘å„¿å£è¯­-ç¯å¢ƒé…ç½®é…ç½®æ·»åŠ æˆåŠŸ: {'config': {'request': {'headers': {'Content-Type': 'application/json', 'User-Agent': 'palfish-talk-kids/4.0.18 (iPhone; iOS 12.1.4; Scale/3.00)'}, 'cookies': {'Hm_lvt_69a10d384b6717582f94d80c392b44f7': '1552879428'}, 'proxies': {'http': 'http://127.0.0.1:8888', 'https': 'https://127.0.0.1:8888'}, 'verify': False}, 'name': 'ä¼´é±¼å°‘å„¿å£è¯­-ç¯å¢ƒé…ç½®'}}
2019-04-01 15:11:07,212 [HttpRunnerManager:201] [operation:add_config_data] [INFO]- ä¼´é±¼å°‘å„¿å£è¯­-ç¯å¢ƒé…ç½®é…ç½®æ›´æ–°æˆåŠŸ: {'config': {'request': {'headers': {'Content-Type': 'application/json', 'User-Agent': 'palfish-talk-kids/4.0.18 (iPhone; iOS 12.1.4; Scale/3.00)'}, 'cookies': {'Hm_lvt_69a10d384b6717582f94d80c392b44f7': '0'}, 'proxies': {'http': 'http://127.0.0.1:8888', 'https': 'https://127.0.0.1:8888'}, 'verify': False}, 'name': 'ä¼´é±¼å°‘å„¿å£è¯­-ç¯å¢ƒé…ç½®'}}
2019-04-01 15:11:13,865 [HttpRunnerManager:201] [operation:add_config_data] [INFO]- ä¼´é±¼å°‘å„¿å£è¯­-ç¯å¢ƒé…ç½®é…ç½®æ›´æ–°æˆåŠŸ: {'config': {'request': {'headers': {'Content-Type': 'application/json', 'User-Agent': 'palfish-talk-kids/4.0.18 (iPhone; iOS 12.1.4; Scale/3.00)'}, 'cookies': {'Hm_lvt_69a10d384b6717582f94d80c392b44f7': '1552879428'}, 'proxies': {'http': 'http://127.0.0.1:8888', 'https': 'https://127.0.0.1:8888'}, 'verify': False}, 'name': 'ä¼´é±¼å°‘å„¿å£è¯­-ç¯å¢ƒé…ç½®'}}
2019-04-01 15:11:42,808 [HttpRunnerManager:201] [operation:add_config_data] [INFO]- ä¼´é±¼å°‘å„¿å£è¯­-ç¯å¢ƒé…ç½®é…ç½®æ›´æ–°æˆåŠŸ: {'config': {'request': {'headers': {'Content-Type': 'application/json', 'User-Agent': 'palfish-talk-kids/4.0.18 (iPhone; iOS 12.1.4; Scale/3.00)'}, 'cookies': {'Hm_lvt_69a10d384b6717582f94d80c392b44f7': '1552879428'}, 'proxies': {'http': 'http://127.0.0.1:8888', 'https': 'https://127.0.0.1:8888'}, 'verify': False}, 'name': 'ä¼´é±¼å°‘å„¿å£è¯­-ç¯å¢ƒé…ç½®'}}
2019-04-01 15:11:48,284 [HttpRunnerManager:629] [common:update_include] [WARNING]- ä¾èµ–çš„ ä¼´é±¼å°‘å„¿å£è¯­-ç¯å¢ƒé…ç½® ç”¨ä¾‹/é…ç½®å·²ç»è¢«åˆ é™¤å•¦ï¼ï¼
2019-04-01 15:12:37,765 [HttpRunnerManager:163] [operation:add_case_data] [INFO]- ç™»å½•-æˆåŠŸç”¨ä¾‹æ›´æ–°æˆåŠŸ: {'test': {'request': {'url': '/klian/account/login', 'method': 'POST', 'json': {'h_lc': 'zh-Hans-CN', 'h_ch': 'appstore', 'h_dt_sub': 1, 'zone': 28800, 'h_src': 3, 'cate': 1, 'phone': '72110420268', 'pw': '57b96843f632159c', 'area': '86', 'h_ts': 1553751482822, 'h_av': '4.0.17', 'h_nt': 1, 'h_did': '0976fb9a82a0c111cd9f25d607ab160b78ea5911', 'h_m': 21180051, 'token': 'CJPdjAoQtbvx5AUYASIIaExIUnhWbVI=.41cfef9fea5ad3d8', 'h_bu': '20190321.203416', 'h_p': 21125, 'h_dt': 1}}, 'name': 'ç™»å½•-æˆåŠŸ', 'validate': [{'comparator': 'equals', 'check': 'content.ret', 'expected': 1}], 'extract': [{'token': 'content.data.token'}]}}
2019-04-01 15:12:37,785 [HttpRunnerManager:629] [common:update_include] [WARNING]- ä¾èµ–çš„ ä¼´é±¼å°‘å„¿å£è¯­-ç¯å¢ƒé…ç½® ç”¨ä¾‹/é…ç½®å·²ç»è¢«åˆ é™¤å•¦ï¼ï¼
2019-04-01 15:12:41,693 [HttpRunnerManager:629] [common:update_include] [WARNING]- ä¾èµ–çš„ ä¼´é±¼å°‘å„¿å£è¯­-ç¯å¢ƒé…ç½® ç”¨ä¾‹/é…ç½®å·²ç»è¢«åˆ é™¤å•¦ï¼ï¼
2019-04-01 15:13:11,808 [HttpRunnerManager:163] [operation:add_case_data] [INFO]- è·å–è´­è¯¾è®°å½•-æˆåŠŸç”¨ä¾‹æ›´æ–°æˆåŠŸ: {'test': {'request': {'url': '/klian/order/getmylist/v2', 'method': 'POST', 'json': {'h_lc': 'zh-Hans-CN', 'h_ch': 'appstore', 'h_dt_sub': 1, 'zone': 28800, 'h_src': 3, 'cate': 1, 'filt': 0, 'h_ts': 1554098506106, 'h_av': '4.0.18', 'h_nt': 1, 'h_did': '0976fb9a82a0c111cd9f25d607ab160b78ea5911', 'h_m': 21180049, 'token': '$token', 'h_bu': '20190325.220959', 'h_p': 923, 'offset': 0, 'touid': 0, 'h_dt': 1, 'limit': 0}, 'headers': {'Content-Type': 'application/json', 'User-Agent': 'palfish-talk-kids/4.0.18 (iPhone; iOS 12.1.4; Scale/3.00)'}, 'cookies': {'Hm_lvt_69a10d384b6717582f94d80c392b44f7': '1552879428'}, 'proxies': {'http': 'http://127.0.0.1:8888', 'https': 'https://127.0.0.1:8888'}, 'verify': False}, 'name': 'è·å–è´­è¯¾è®°å½•-æˆåŠŸ', 'validate': [{'comparator': 'equals', 'check': 'content.ret', 'expected': 1}]}}
2019-04-01 15:13:25,607 [HttpRunnerManager:163] [operation:add_case_data] [INFO]- ç™»å½•-æˆåŠŸç”¨ä¾‹æ›´æ–°æˆåŠŸ: {'test': {'request': {'url': '/klian/account/login', 'method': 'POST', 'json': {'h_lc': 'zh-Hans-CN', 'h_ch': 'appstore', 'h_dt_sub': 1, 'zone': 28800, 'h_src': 3, 'cate': 1, 'phone': '72110420268', 'pw': '57b96843f632159c', 'area': '86', 'h_ts': 1553751482822, 'h_av': '4.0.17', 'h_nt': 1, 'h_did': '0976fb9a82a0c111cd9f25d607ab160b78ea5911', 'h_m': 21180051, 'token': 'CJPdjAoQtbvx5AUYASIIaExIUnhWbVI=.41cfef9fea5ad3d8', 'h_bu': '20190321.203416', 'h_p': 21125, 'h_dt': 1}}, 'name': 'ç™»å½•-æˆåŠŸ', 'validate': [{'comparator': 'equals', 'check': 'content.ret', 'expected': 1}], 'extract': [{'token': 'content.data.token'}]}}
2019-04-01 15:58:20,327 [django.request:93] [base:get_response] [WARNING]- Not Found: /
2019-04-01 15:58:30,282 [HttpRunnerManager:55] [views:login] [INFO]- liuyuan ç™»å½•æˆåŠŸ
2019-04-01 16:39:49,334 [HttpRunnerManager:62] [operation:add_project_data] [INFO]- é¡¹ç›®æ·»åŠ æˆåŠŸï¼š{'project_name': 'ä¼´é±¼ç»˜æœ¬', 'responsible_name': 'åˆ˜å…ƒ', 'test_user': 'åˆ˜å…ƒ', 'dev_user': 'åˆ˜å…ƒ', 'publish_app': 'ä¼´é±¼ç»˜æœ¬', 'simple_desc': '', 'other_desc': ''}
2019-04-01 20:27:47,303 [HttpRunnerManager:35] [operation:add_register_data] [INFO]- æ–°å¢ç”¨æˆ·ï¼šApiManager.UserInfo.objects
2019-04-01 20:36:28,990 [django.request:93] [base:get_response] [WARNING]- Not Found: /dashboard
2019-04-01 21:36:31,573 [HttpRunnerManager:55] [views:login] [INFO]- liuyuan ç™»å½•æˆåŠŸ
2019-04-01 21:37:22,236 [django.request:93] [base:get_response] [WARNING]- Not Found: /
2019-04-01 21:38:01,418 [HttpRunnerManager:55] [views:login] [INFO]- liuyuan ç™»å½•æˆåŠŸ
2019-04-01 21:54:34,435 [django.request:118] [exception:handle_uncaught_exception] [ERROR]- Internal Server Error: /api/import_case/
Traceback (most recent call last):
  File "/Users/yuxin/anaconda3/envs/HttpRunnerManager/lib/python3.6/site-packages/django/core/handlers/exception.py", line 35, in inner
    response = get_response(request)
  File "/Users/yuxin/anaconda3/envs/HttpRunnerManager/lib/python3.6/site-packages/django/core/handlers/base.py", line 128, in _get_response
    response = self.process_exception_by_middleware(e, request)
  File "/Users/yuxin/anaconda3/envs/HttpRunnerManager/lib/python3.6/site-packages/django/core/handlers/base.py", line 126, in _get_response
    response = wrapped_callback(request, *callback_args, **callback_kwargs)
  File "/Users/yuxin/workspace/github/HttpRunnerManager/HttpRunnerManager/activator.py", line 15, in process
    result = fun(request, index) if index else fun(request)
  File "/Users/yuxin/workspace/github/HttpRunnerManager/ApiManager/views.py", line 39, in wrapper
    return func(request, *args, **kwargs)
  File "/Users/yuxin/workspace/github/HttpRunnerManager/ApiManager/views.py", line 196, in import_case
    account = request.session["now_account"]
AttributeError: 'dict' object has no attribute 'session'
2019-04-01 21:55:42,247 [django.request:93] [base:get_response] [WARNING]- Not Found: /
2019-04-01 21:55:53,091 [HttpRunnerManager:55] [views:login] [INFO]- liuyuan ç™»å½•æˆåŠŸ
2019-04-02 10:24:20,407 [HttpRunnerManager:55] [views:login] [INFO]- liuyuan ç™»å½•æˆåŠŸ
2019-04-02 10:25:33,070 [django.request:93] [base:get_response] [WARNING]- Not Found: /api/import_case"
2019-04-02 10:27:48,707 [django.request:118] [exception:handle_uncaught_exception] [ERROR]- Internal Server Error: /api/import_case/
Traceback (most recent call last):
  File "/Users/yuxin/anaconda3/envs/HttpRunnerManager/lib/python3.6/site-packages/django/core/handlers/exception.py", line 35, in inner
    response = get_response(request)
  File "/Users/yuxin/anaconda3/envs/HttpRunnerManager/lib/python3.6/site-packages/django/core/handlers/base.py", line 139, in _get_response
    "returned None instead." % (callback.__module__, view_name)
ValueError: The view HttpRunnerManager.activator.process didn't return an HttpResponse object. It returned None instead.
2019-04-02 10:31:21,050 [HttpRunnerManager:55] [views:login] [INFO]- liuyuan ç™»å½•æˆåŠŸ
2019-04-02 10:31:33,898 [django.request:118] [exception:handle_uncaught_exception] [ERROR]- Internal Server Error: /api/import_case/
Traceback (most recent call last):
  File "/Users/yuxin/anaconda3/envs/HttpRunnerManager/lib/python3.6/site-packages/django/core/handlers/exception.py", line 35, in inner
    response = get_response(request)
  File "/Users/yuxin/anaconda3/envs/HttpRunnerManager/lib/python3.6/site-packages/django/core/handlers/base.py", line 139, in _get_response
    "returned None instead." % (callback.__module__, view_name)
ValueError: The view HttpRunnerManager.activator.process didn't return an HttpResponse object. It returned None instead.
2019-04-02 10:33:31,627 [HttpRunnerManager:55] [views:login] [INFO]- liuyuan ç™»å½•æˆåŠŸ
2019-04-02 10:34:50,638 [django.request:118] [exception:handle_uncaught_exception] [ERROR]- Internal Server Error: /api/import_case/
Traceback (most recent call last):
  File "/Users/yuxin/anaconda3/envs/HttpRunnerManager/lib/python3.6/site-packages/django/core/handlers/exception.py", line 35, in inner
    response = get_response(request)
  File "/Users/yuxin/anaconda3/envs/HttpRunnerManager/lib/python3.6/site-packages/django/core/handlers/base.py", line 139, in _get_response
    "returned None instead." % (callback.__module__, view_name)
ValueError: The view HttpRunnerManager.activator.process didn't return an HttpResponse object. It returned None instead.
2019-04-02 10:42:23,802 [django.request:118] [exception:handle_uncaught_exception] [ERROR]- Internal Server Error: /api/import_case/
Traceback (most recent call last):
  File "/Users/yuxin/anaconda3/envs/HttpRunnerManager/lib/python3.6/site-packages/django/core/handlers/exception.py", line 35, in inner
    response = get_response(request)
  File "/Users/yuxin/anaconda3/envs/HttpRunnerManager/lib/python3.6/site-packages/django/core/handlers/base.py", line 128, in _get_response
    response = self.process_exception_by_middleware(e, request)
  File "/Users/yuxin/anaconda3/envs/HttpRunnerManager/lib/python3.6/site-packages/django/core/handlers/base.py", line 126, in _get_response
    response = wrapped_callback(request, *callback_args, **callback_kwargs)
  File "/Users/yuxin/workspace/github/HttpRunnerManager/HttpRunnerManager/activator.py", line 15, in process
    result = fun(request, index) if index else fun(request)
  File "/Users/yuxin/workspace/github/HttpRunnerManager/ApiManager/views.py", line 39, in wrapper
    return func(request, *args, **kwargs)
  File "/Users/yuxin/workspace/github/HttpRunnerManager/ApiManager/views.py", line 195, in import_case
    data = json.loads(request.FILES.get('myfile'))
  File "/Users/yuxin/anaconda3/envs/HttpRunnerManager/lib/python3.6/json/__init__.py", line 348, in loads
    'not {!r}'.format(s.__class__.__name__))
TypeError: the JSON object must be str, bytes or bytearray, not 'InMemoryUploadedFile'
2019-04-02 10:47:25,340 [django.request:118] [exception:handle_uncaught_exception] [ERROR]- Internal Server Error: /api/import_case/
Traceback (most recent call last):
  File "/Users/yuxin/anaconda3/envs/HttpRunnerManager/lib/python3.6/site-packages/django/core/handlers/exception.py", line 35, in inner
    response = get_response(request)
  File "/Users/yuxin/anaconda3/envs/HttpRunnerManager/lib/python3.6/site-packages/django/core/handlers/base.py", line 128, in _get_response
    response = self.process_exception_by_middleware(e, request)
  File "/Users/yuxin/anaconda3/envs/HttpRunnerManager/lib/python3.6/site-packages/django/core/handlers/base.py", line 126, in _get_response
    response = wrapped_callback(request, *callback_args, **callback_kwargs)
  File "/Users/yuxin/workspace/github/HttpRunnerManager/HttpRunnerManager/activator.py", line 15, in process
    result = fun(request, index) if index else fun(request)
  File "/Users/yuxin/workspace/github/HttpRunnerManager/ApiManager/views.py", line 39, in wrapper
    return func(request, *args, **kwargs)
  File "/Users/yuxin/workspace/github/HttpRunnerManager/ApiManager/views.py", line 196, in import_case
    with open(os.path.join('static', file_obj),"wb") as f:
  File "/Users/yuxin/anaconda3/envs/HttpRunnerManager/lib/python3.6/posixpath.py", line 94, in join
    genericpath._check_arg_types('join', a, *p)
  File "/Users/yuxin/anaconda3/envs/HttpRunnerManager/lib/python3.6/genericpath.py", line 149, in _check_arg_types
    (funcname, s.__class__.__name__)) from None
TypeError: join() argument must be str or bytes, not 'InMemoryUploadedFile'
2019-04-02 10:48:20,102 [django.request:118] [exception:handle_uncaught_exception] [ERROR]- Internal Server Error: /api/import_case/
Traceback (most recent call last):
  File "/Users/yuxin/anaconda3/envs/HttpRunnerManager/lib/python3.6/site-packages/django/core/handlers/exception.py", line 35, in inner
    response = get_response(request)
  File "/Users/yuxin/anaconda3/envs/HttpRunnerManager/lib/python3.6/site-packages/django/core/handlers/base.py", line 128, in _get_response
    response = self.process_exception_by_middleware(e, request)
  File "/Users/yuxin/anaconda3/envs/HttpRunnerManager/lib/python3.6/site-packages/django/core/handlers/base.py", line 126, in _get_response
    response = wrapped_callback(request, *callback_args, **callback_kwargs)
  File "/Users/yuxin/workspace/github/HttpRunnerManager/HttpRunnerManager/activator.py", line 15, in process
    result = fun(request, index) if index else fun(request)
  File "/Users/yuxin/workspace/github/HttpRunnerManager/ApiManager/views.py", line 39, in wrapper
    return func(request, *args, **kwargs)
  File "/Users/yuxin/workspace/github/HttpRunnerManager/ApiManager/views.py", line 197, in import_case
    with open(file_obj, "wb") as f:
TypeError: expected str, bytes or os.PathLike object, not InMemoryUploadedFile
2019-04-02 10:59:14,868 [django.request:118] [exception:handle_uncaught_exception] [ERROR]- Internal Server Error: /api/import_case/
Traceback (most recent call last):
  File "/Users/yuxin/anaconda3/envs/HttpRunnerManager/lib/python3.6/site-packages/django/core/handlers/exception.py", line 35, in inner
    response = get_response(request)
  File "/Users/yuxin/anaconda3/envs/HttpRunnerManager/lib/python3.6/site-packages/django/core/handlers/base.py", line 128, in _get_response
    response = self.process_exception_by_middleware(e, request)
  File "/Users/yuxin/anaconda3/envs/HttpRunnerManager/lib/python3.6/site-packages/django/core/handlers/base.py", line 126, in _get_response
    response = wrapped_callback(request, *callback_args, **callback_kwargs)
  File "/Users/yuxin/workspace/github/HttpRunnerManager/HttpRunnerManager/activator.py", line 15, in process
    result = fun(request, index) if index else fun(request)
  File "/Users/yuxin/workspace/github/HttpRunnerManager/ApiManager/views.py", line 40, in wrapper
    return func(request, *args, **kwargs)
  File "/Users/yuxin/workspace/github/HttpRunnerManager/ApiManager/views.py", line 199, in import_case
    with default_storage.open('tmp/'+file_name, 'wb+') as f:
  File "/Users/yuxin/anaconda3/envs/HttpRunnerManager/lib/python3.6/site-packages/django/core/files/storage.py", line 33, in open
    return self._open(name, mode)
  File "/Users/yuxin/anaconda3/envs/HttpRunnerManager/lib/python3.6/site-packages/django/core/files/storage.py", line 218, in _open
    return File(open(self.path(name), mode))
FileNotFoundError: [Errno 2] No such file or directory: '/Users/yuxin/workspace/github/HttpRunnerManager/tmp/test.json'
2019-04-02 10:59:35,298 [django.request:118] [exception:handle_uncaught_exception] [ERROR]- Internal Server Error: /api/import_case/
Traceback (most recent call last):
  File "/Users/yuxin/anaconda3/envs/HttpRunnerManager/lib/python3.6/site-packages/django/core/handlers/exception.py", line 35, in inner
    response = get_response(request)
  File "/Users/yuxin/anaconda3/envs/HttpRunnerManager/lib/python3.6/site-packages/django/core/handlers/base.py", line 128, in _get_response
    response = self.process_exception_by_middleware(e, request)
  File "/Users/yuxin/anaconda3/envs/HttpRunnerManager/lib/python3.6/site-packages/django/core/handlers/base.py", line 126, in _get_response
    response = wrapped_callback(request, *callback_args, **callback_kwargs)
  File "/Users/yuxin/workspace/github/HttpRunnerManager/HttpRunnerManager/activator.py", line 15, in process
    result = fun(request, index) if index else fun(request)
  File "/Users/yuxin/workspace/github/HttpRunnerManager/ApiManager/views.py", line 40, in wrapper
    return func(request, *args, **kwargs)
  File "/Users/yuxin/workspace/github/HttpRunnerManager/ApiManager/views.py", line 204, in import_case
    data = json.loads(line)
  File "/Users/yuxin/anaconda3/envs/HttpRunnerManager/lib/python3.6/json/__init__.py", line 354, in loads
    return _default_decoder.decode(s)
  File "/Users/yuxin/anaconda3/envs/HttpRunnerManager/lib/python3.6/json/decoder.py", line 339, in decode
    obj, end = self.raw_decode(s, idx=_w(s, 0).end())
  File "/Users/yuxin/anaconda3/envs/HttpRunnerManager/lib/python3.6/json/decoder.py", line 357, in raw_decode
    raise JSONDecodeError("Expecting value", s, err.value) from None
json.decoder.JSONDecodeError: Expecting value: line 2 column 1 (char 2)
2019-04-02 11:00:45,245 [django.request:118] [exception:handle_uncaught_exception] [ERROR]- Internal Server Error: /api/import_case/
Traceback (most recent call last):
  File "/Users/yuxin/anaconda3/envs/HttpRunnerManager/lib/python3.6/site-packages/django/core/handlers/exception.py", line 35, in inner
    response = get_response(request)
  File "/Users/yuxin/anaconda3/envs/HttpRunnerManager/lib/python3.6/site-packages/django/core/handlers/base.py", line 128, in _get_response
    response = self.process_exception_by_middleware(e, request)
  File "/Users/yuxin/anaconda3/envs/HttpRunnerManager/lib/python3.6/site-packages/django/core/handlers/base.py", line 126, in _get_response
    response = wrapped_callback(request, *callback_args, **callback_kwargs)
  File "/Users/yuxin/workspace/github/HttpRunnerManager/HttpRunnerManager/activator.py", line 15, in process
    result = fun(request, index) if index else fun(request)
  File "/Users/yuxin/workspace/github/HttpRunnerManager/ApiManager/views.py", line 40, in wrapper
    return func(request, *args, **kwargs)
  File "/Users/yuxin/workspace/github/HttpRunnerManager/ApiManager/views.py", line 214, in import_case
    'request': data['test'],
TypeError: string indices must be integers
2019-04-02 11:02:21,361 [django.request:118] [exception:handle_uncaught_exception] [ERROR]- Internal Server Error: /api/import_case/
Traceback (most recent call last):
  File "/Users/yuxin/anaconda3/envs/HttpRunnerManager/lib/python3.6/site-packages/django/core/handlers/exception.py", line 35, in inner
    response = get_response(request)
  File "/Users/yuxin/anaconda3/envs/HttpRunnerManager/lib/python3.6/site-packages/django/core/handlers/base.py", line 128, in _get_response
    response = self.process_exception_by_middleware(e, request)
  File "/Users/yuxin/anaconda3/envs/HttpRunnerManager/lib/python3.6/site-packages/django/core/handlers/base.py", line 126, in _get_response
    response = wrapped_callback(request, *callback_args, **callback_kwargs)
  File "/Users/yuxin/workspace/github/HttpRunnerManager/HttpRunnerManager/activator.py", line 15, in process
    result = fun(request, index) if index else fun(request)
  File "/Users/yuxin/workspace/github/HttpRunnerManager/ApiManager/views.py", line 40, in wrapper
    return func(request, *args, **kwargs)
  File "/Users/yuxin/workspace/github/HttpRunnerManager/ApiManager/views.py", line 214, in import_case
    'request': data['test'],
TypeError: list indices must be integers or slices, not str
2019-04-02 11:03:07,008 [django.request:118] [exception:handle_uncaught_exception] [ERROR]- Internal Server Error: /api/import_case/
Traceback (most recent call last):
  File "/Users/yuxin/anaconda3/envs/HttpRunnerManager/lib/python3.6/site-packages/django/core/handlers/exception.py", line 35, in inner
    response = get_response(request)
  File "/Users/yuxin/anaconda3/envs/HttpRunnerManager/lib/python3.6/site-packages/django/core/handlers/base.py", line 128, in _get_response
    response = self.process_exception_by_middleware(e, request)
  File "/Users/yuxin/anaconda3/envs/HttpRunnerManager/lib/python3.6/site-packages/django/core/handlers/base.py", line 126, in _get_response
    response = wrapped_callback(request, *callback_args, **callback_kwargs)
  File "/Users/yuxin/workspace/github/HttpRunnerManager/HttpRunnerManager/activator.py", line 15, in process
    result = fun(request, index) if index else fun(request)
  File "/Users/yuxin/workspace/github/HttpRunnerManager/ApiManager/views.py", line 40, in wrapper
    return func(request, *args, **kwargs)
  File "/Users/yuxin/workspace/github/HttpRunnerManager/ApiManager/views.py", line 203, in import_case
    data = eval(f.readlines())
TypeError: eval() arg 1 must be a string, bytes or code object
2019-04-02 11:06:09,336 [django.request:118] [exception:handle_uncaught_exception] [ERROR]- Internal Server Error: /api/import_case/
Traceback (most recent call last):
  File "/Users/yuxin/anaconda3/envs/HttpRunnerManager/lib/python3.6/site-packages/django/core/handlers/exception.py", line 35, in inner
    response = get_response(request)
  File "/Users/yuxin/anaconda3/envs/HttpRunnerManager/lib/python3.6/site-packages/django/core/handlers/base.py", line 128, in _get_response
    response = self.process_exception_by_middleware(e, request)
  File "/Users/yuxin/anaconda3/envs/HttpRunnerManager/lib/python3.6/site-packages/django/core/handlers/base.py", line 126, in _get_response
    response = wrapped_callback(request, *callback_args, **callback_kwargs)
  File "/Users/yuxin/workspace/github/HttpRunnerManager/HttpRunnerManager/activator.py", line 15, in process
    result = fun(request, index) if index else fun(request)
  File "/Users/yuxin/workspace/github/HttpRunnerManager/ApiManager/views.py", line 40, in wrapper
    return func(request, *args, **kwargs)
  File "/Users/yuxin/workspace/github/HttpRunnerManager/ApiManager/views.py", line 203, in import_case
    data = json.load(f.readlines())
  File "/Users/yuxin/anaconda3/envs/HttpRunnerManager/lib/python3.6/json/__init__.py", line 296, in load
    return loads(fp.read(),
AttributeError: 'list' object has no attribute 'read'
2019-04-02 11:07:41,607 [django.request:118] [exception:handle_uncaught_exception] [ERROR]- Internal Server Error: /api/import_case/
Traceback (most recent call last):
  File "/Users/yuxin/anaconda3/envs/HttpRunnerManager/lib/python3.6/site-packages/django/core/handlers/exception.py", line 35, in inner
    response = get_response(request)
  File "/Users/yuxin/anaconda3/envs/HttpRunnerManager/lib/python3.6/site-packages/django/core/handlers/base.py", line 128, in _get_response
    response = self.process_exception_by_middleware(e, request)
  File "/Users/yuxin/anaconda3/envs/HttpRunnerManager/lib/python3.6/site-packages/django/core/handlers/base.py", line 126, in _get_response
    response = wrapped_callback(request, *callback_args, **callback_kwargs)
  File "/Users/yuxin/workspace/github/HttpRunnerManager/HttpRunnerManager/activator.py", line 15, in process
    result = fun(request, index) if index else fun(request)
  File "/Users/yuxin/workspace/github/HttpRunnerManager/ApiManager/views.py", line 40, in wrapper
    return func(request, *args, **kwargs)
  File "/Users/yuxin/workspace/github/HttpRunnerManager/ApiManager/views.py", line 215, in import_case
    'request': data['test'],
TypeError: list indices must be integers or slices, not str
2019-04-02 11:08:17,225 [django.request:118] [exception:handle_uncaught_exception] [ERROR]- Internal Server Error: /api/import_case/
Traceback (most recent call last):
  File "/Users/yuxin/anaconda3/envs/HttpRunnerManager/lib/python3.6/site-packages/django/core/handlers/exception.py", line 35, in inner
    response = get_response(request)
  File "/Users/yuxin/anaconda3/envs/HttpRunnerManager/lib/python3.6/site-packages/django/core/handlers/base.py", line 128, in _get_response
    response = self.process_exception_by_middleware(e, request)
  File "/Users/yuxin/anaconda3/envs/HttpRunnerManager/lib/python3.6/site-packages/django/core/handlers/base.py", line 126, in _get_response
    response = wrapped_callback(request, *callback_args, **callback_kwargs)
  File "/Users/yuxin/workspace/github/HttpRunnerManager/HttpRunnerManager/activator.py", line 15, in process
    result = fun(request, index) if index else fun(request)
  File "/Users/yuxin/workspace/github/HttpRunnerManager/ApiManager/views.py", line 40, in wrapper
    return func(request, *args, **kwargs)
  File "/Users/yuxin/workspace/github/HttpRunnerManager/ApiManager/views.py", line 205, in import_case
    data.remove('\n')
ValueError: list.remove(x): x not in list
2019-04-02 11:10:49,225 [django.request:118] [exception:handle_uncaught_exception] [ERROR]- Internal Server Error: /api/import_case/
Traceback (most recent call last):
  File "/Users/yuxin/anaconda3/envs/HttpRunnerManager/lib/python3.6/site-packages/django/core/handlers/exception.py", line 35, in inner
    response = get_response(request)
  File "/Users/yuxin/anaconda3/envs/HttpRunnerManager/lib/python3.6/site-packages/django/core/handlers/base.py", line 128, in _get_response
    response = self.process_exception_by_middleware(e, request)
  File "/Users/yuxin/anaconda3/envs/HttpRunnerManager/lib/python3.6/site-packages/django/core/handlers/base.py", line 126, in _get_response
    response = wrapped_callback(request, *callback_args, **callback_kwargs)
  File "/Users/yuxin/workspace/github/HttpRunnerManager/HttpRunnerManager/activator.py", line 15, in process
    result = fun(request, index) if index else fun(request)
  File "/Users/yuxin/workspace/github/HttpRunnerManager/ApiManager/views.py", line 40, in wrapper
    return func(request, *args, **kwargs)
  File "/Users/yuxin/workspace/github/HttpRunnerManager/ApiManager/views.py", line 215, in import_case
    'request': data['test'],
KeyError: 'test'
2019-04-02 11:12:03,298 [django.request:118] [exception:handle_uncaught_exception] [ERROR]- Internal Server Error: /api/import_case/
Traceback (most recent call last):
  File "/Users/yuxin/anaconda3/envs/HttpRunnerManager/lib/python3.6/site-packages/django/core/handlers/exception.py", line 35, in inner
    response = get_response(request)
  File "/Users/yuxin/anaconda3/envs/HttpRunnerManager/lib/python3.6/site-packages/django/core/handlers/base.py", line 128, in _get_response
    response = self.process_exception_by_middleware(e, request)
  File "/Users/yuxin/anaconda3/envs/HttpRunnerManager/lib/python3.6/site-packages/django/core/handlers/base.py", line 126, in _get_response
    response = wrapped_callback(request, *callback_args, **callback_kwargs)
  File "/Users/yuxin/workspace/github/HttpRunnerManager/HttpRunnerManager/activator.py", line 15, in process
    result = fun(request, index) if index else fun(request)
  File "/Users/yuxin/workspace/github/HttpRunnerManager/ApiManager/views.py", line 40, in wrapper
    return func(request, *args, **kwargs)
  File "/Users/yuxin/workspace/github/HttpRunnerManager/ApiManager/views.py", line 215, in import_case
    'request': data['test'],
KeyError: 'test'
2019-04-02 11:12:12,144 [django.request:118] [exception:handle_uncaught_exception] [ERROR]- Internal Server Error: /api/import_case/
Traceback (most recent call last):
  File "/Users/yuxin/anaconda3/envs/HttpRunnerManager/lib/python3.6/site-packages/django/core/handlers/exception.py", line 35, in inner
    response = get_response(request)
  File "/Users/yuxin/anaconda3/envs/HttpRunnerManager/lib/python3.6/site-packages/django/core/handlers/base.py", line 128, in _get_response
    response = self.process_exception_by_middleware(e, request)
  File "/Users/yuxin/anaconda3/envs/HttpRunnerManager/lib/python3.6/site-packages/django/core/handlers/base.py", line 126, in _get_response
    response = wrapped_callback(request, *callback_args, **callback_kwargs)
  File "/Users/yuxin/workspace/github/HttpRunnerManager/HttpRunnerManager/activator.py", line 15, in process
    result = fun(request, index) if index else fun(request)
  File "/Users/yuxin/workspace/github/HttpRunnerManager/ApiManager/views.py", line 40, in wrapper
    return func(request, *args, **kwargs)
  File "/Users/yuxin/workspace/github/HttpRunnerManager/ApiManager/views.py", line 215, in import_case
    'request': data['test'],
KeyError: 'test'
2019-04-02 11:13:39,389 [django.request:118] [exception:handle_uncaught_exception] [ERROR]- Internal Server Error: /api/import_case/
Traceback (most recent call last):
  File "/Users/yuxin/anaconda3/envs/HttpRunnerManager/lib/python3.6/site-packages/django/core/handlers/exception.py", line 35, in inner
    response = get_response(request)
  File "/Users/yuxin/anaconda3/envs/HttpRunnerManager/lib/python3.6/site-packages/django/core/handlers/base.py", line 128, in _get_response
    response = self.process_exception_by_middleware(e, request)
  File "/Users/yuxin/anaconda3/envs/HttpRunnerManager/lib/python3.6/site-packages/django/core/handlers/base.py", line 126, in _get_response
    response = wrapped_callback(request, *callback_args, **callback_kwargs)
  File "/Users/yuxin/workspace/github/HttpRunnerManager/HttpRunnerManager/activator.py", line 15, in process
    result = fun(request, index) if index else fun(request)
  File "/Users/yuxin/workspace/github/HttpRunnerManager/ApiManager/views.py", line 40, in wrapper
    return func(request, *args, **kwargs)
  File "/Users/yuxin/workspace/github/HttpRunnerManager/ApiManager/views.py", line 216, in import_case
    'request': data['test'],
NameError: name 'data' is not defined
2019-04-02 11:14:15,100 [django.request:118] [exception:handle_uncaught_exception] [ERROR]- Internal Server Error: /api/import_case/
Traceback (most recent call last):
  File "/Users/yuxin/anaconda3/envs/HttpRunnerManager/lib/python3.6/site-packages/django/core/handlers/exception.py", line 35, in inner
    response = get_response(request)
  File "/Users/yuxin/anaconda3/envs/HttpRunnerManager/lib/python3.6/site-packages/django/core/handlers/base.py", line 128, in _get_response
    response = self.process_exception_by_middleware(e, request)
  File "/Users/yuxin/anaconda3/envs/HttpRunnerManager/lib/python3.6/site-packages/django/core/handlers/base.py", line 126, in _get_response
    response = wrapped_callback(request, *callback_args, **callback_kwargs)
  File "/Users/yuxin/workspace/github/HttpRunnerManager/HttpRunnerManager/activator.py", line 15, in process
    result = fun(request, index) if index else fun(request)
  File "/Users/yuxin/workspace/github/HttpRunnerManager/ApiManager/views.py", line 40, in wrapper
    return func(request, *args, **kwargs)
  File "/Users/yuxin/workspace/github/HttpRunnerManager/ApiManager/views.py", line 216, in import_case
    'request': data['test'],
NameError: name 'data' is not defined
2019-04-02 11:21:12,105 [django.request:118] [exception:handle_uncaught_exception] [ERROR]- Internal Server Error: /api/import_case/
Traceback (most recent call last):
  File "/Users/yuxin/anaconda3/envs/HttpRunnerManager/lib/python3.6/site-packages/django/core/handlers/exception.py", line 35, in inner
    response = get_response(request)
  File "/Users/yuxin/anaconda3/envs/HttpRunnerManager/lib/python3.6/site-packages/django/core/handlers/base.py", line 128, in _get_response
    response = self.process_exception_by_middleware(e, request)
  File "/Users/yuxin/anaconda3/envs/HttpRunnerManager/lib/python3.6/site-packages/django/core/handlers/base.py", line 126, in _get_response
    response = wrapped_callback(request, *callback_args, **callback_kwargs)
  File "/Users/yuxin/workspace/github/HttpRunnerManager/HttpRunnerManager/activator.py", line 15, in process
    result = fun(request, index) if index else fun(request)
  File "/Users/yuxin/workspace/github/HttpRunnerManager/ApiManager/views.py", line 41, in wrapper
    return func(request, *args, **kwargs)
  File "/Users/yuxin/workspace/github/HttpRunnerManager/ApiManager/views.py", line 218, in import_case
    'request': data['test'],
NameError: name 'data' is not defined
2019-04-02 11:22:04,449 [django.request:118] [exception:handle_uncaught_exception] [ERROR]- Internal Server Error: /api/import_case/
Traceback (most recent call last):
  File "/Users/yuxin/anaconda3/envs/HttpRunnerManager/lib/python3.6/site-packages/django/core/handlers/exception.py", line 35, in inner
    response = get_response(request)
  File "/Users/yuxin/anaconda3/envs/HttpRunnerManager/lib/python3.6/site-packages/django/core/handlers/base.py", line 128, in _get_response
    response = self.process_exception_by_middleware(e, request)
  File "/Users/yuxin/anaconda3/envs/HttpRunnerManager/lib/python3.6/site-packages/django/core/handlers/base.py", line 126, in _get_response
    response = wrapped_callback(request, *callback_args, **callback_kwargs)
  File "/Users/yuxin/workspace/github/HttpRunnerManager/HttpRunnerManager/activator.py", line 15, in process
    result = fun(request, index) if index else fun(request)
  File "/Users/yuxin/workspace/github/HttpRunnerManager/ApiManager/views.py", line 41, in wrapper
    return func(request, *args, **kwargs)
  File "/Users/yuxin/workspace/github/HttpRunnerManager/ApiManager/views.py", line 218, in import_case
    'request': json_content['test'],
TypeError: list indices must be integers or slices, not str
2019-04-02 11:22:55,222 [django.request:118] [exception:handle_uncaught_exception] [ERROR]- Internal Server Error: /api/import_case/
Traceback (most recent call last):
  File "/Users/yuxin/anaconda3/envs/HttpRunnerManager/lib/python3.6/site-packages/django/core/handlers/exception.py", line 35, in inner
    response = get_response(request)
  File "/Users/yuxin/anaconda3/envs/HttpRunnerManager/lib/python3.6/site-packages/django/core/handlers/base.py", line 128, in _get_response
    response = self.process_exception_by_middleware(e, request)
  File "/Users/yuxin/anaconda3/envs/HttpRunnerManager/lib/python3.6/site-packages/django/core/handlers/base.py", line 126, in _get_response
    response = wrapped_callback(request, *callback_args, **callback_kwargs)
  File "/Users/yuxin/workspace/github/HttpRunnerManager/HttpRunnerManager/activator.py", line 15, in process
    result = fun(request, index) if index else fun(request)
  File "/Users/yuxin/workspace/github/HttpRunnerManager/ApiManager/views.py", line 41, in wrapper
    return func(request, *args, **kwargs)
  File "/Users/yuxin/workspace/github/HttpRunnerManager/ApiManager/views.py", line 219, in import_case
    'request': json_content['test'],
TypeError: list indices must be integers or slices, not str
